#
# There is insufficient memory for the Java Runtime Environment to continue.
# Native memory allocation (malloc) failed to allocate 1355392 bytes. Error detail: Chunk::new
# Possible reasons:
#   The system is out of physical RAM or swap space
#   This process is running with CompressedOops enabled, and the Java Heap may be blocking the growth of the native heap
# Possible solutions:
#   Reduce memory load on the system
#   Increase physical memory or swap space
#   Check if swap backing store is full
#   Decrease Java heap size (-Xmx/-Xms)
#   Decrease number of Java threads
#   Decrease Java thread stack sizes (-Xss)
#   Set larger code cache with -XX:ReservedCodeCacheSize=
#   JVM is running with Unscaled Compressed Oops mode in which the Java heap is
#     placed in the first 4GB address space. The Java Heap base address is the
#     maximum limit for the native heap growth. Please use -XX:HeapBaseMinAddress
#     to set the Java Heap base and to place the Java Heap above 4GB virtual address.
# This output file may be truncated or incomplete.
#
#  Out of Memory Error (arena.cpp:168), pid=4700, tid=5456
#
# JRE version: OpenJDK Runtime Environment (21.0.3+10) (build 21.0.3+10-LTS)
# Java VM: OpenJDK 64-Bit Server VM (21.0.3+10-LTS, mixed mode, sharing, tiered, compressed oops, compressed class ptrs, g1 gc, windows-amd64)
# No core dump will be written. Minidumps are not enabled by default on client versions of Windows
#

---------------  S U M M A R Y ------------

Command Line: -javaagent:C:\Program Files\JetBrains\IntelliJ IDEA Community Edition 2024.1.1\lib\idea_rt.jar=64684:C:\Program Files\JetBrains\IntelliJ IDEA Community Edition 2024.1.1\bin -Dfile.encoding=UTF-8 -Dsun.stdout.encoding=UTF-8 -Dsun.stderr.encoding=UTF-8 FlyingBat.org.Aeroline.AerolineApplication

Host: Intel(R) Celeron(R) N4120 CPU @ 1.10GHz, 4 cores, 3G,  Windows 10 , 64 bit Build 19041 (10.0.19041.4717)
Time: Thu Aug 29 08:42:51 2024 Hora estándar, América Central elapsed time: 21.895445 seconds (0d 0h 0m 21s)

---------------  T H R E A D  ---------------

Current thread (0x00000273503ec0f0):  JavaThread "C2 CompilerThread0" daemon [_thread_in_native, id=5456, stack(0x00000098ada00000,0x00000098adb00000) (1024K)]


Current CompileTask:
C2:  21895 6408   !   4       org.springframework.util.ReflectionUtils::doWithMethods (186 bytes)

Stack: [0x00000098ada00000,0x00000098adb00000]
Native frames: (J=compiled Java code, j=interpreted, Vv=VM code, C=native code)
V  [jvm.dll+0x6cfc19]
V  [jvm.dll+0x8aa631]
V  [jvm.dll+0x8ac99e]
V  [jvm.dll+0x8ad083]
V  [jvm.dll+0x282cc6]
V  [jvm.dll+0xc57bd]
V  [jvm.dll+0xc5cf3]
V  [jvm.dll+0x3b834c]
V  [jvm.dll+0x1e3009]
V  [jvm.dll+0x24b292]
V  [jvm.dll+0x24a721]
V  [jvm.dll+0x1ca244]
V  [jvm.dll+0x259e29]
V  [jvm.dll+0x2583da]
V  [jvm.dll+0x3f25a6]
V  [jvm.dll+0x853878]
V  [jvm.dll+0x6ce36d]
C  [ucrtbase.dll+0x21bb2]
C  [KERNEL32.DLL+0x17374]
C  [ntdll.dll+0x4cc91]


---------------  P R O C E S S  ---------------

Threads class SMR info:
_java_thread_list=0x0000027398d60cb0, length=19, elements={
0x00000273341b9440, 0x00000273503e2c00, 0x00000273503e3b20, 0x00000273503e7960,
0x00000273503e8e90, 0x00000273503ea900, 0x00000273503eb360, 0x00000273503ec0f0,
0x0000027350415ce0, 0x0000027350626830, 0x000002739600b050, 0x000002739617a3d0,
0x00000273963a8920, 0x00000273963e8770, 0x0000027396aeae70, 0x0000027396aeb500,
0x0000027396ae9ac0, 0x0000027396ae8da0, 0x0000027396ae8080
}

Java Threads: ( => current thread )
  0x00000273341b9440 JavaThread "main"                              [_thread_blocked, id=13284, stack(0x00000098acc00000,0x00000098acd00000) (1024K)]
  0x00000273503e2c00 JavaThread "Reference Handler"          daemon [_thread_blocked, id=9516, stack(0x00000098ad400000,0x00000098ad500000) (1024K)]
  0x00000273503e3b20 JavaThread "Finalizer"                  daemon [_thread_blocked, id=14992, stack(0x00000098ad500000,0x00000098ad600000) (1024K)]
  0x00000273503e7960 JavaThread "Signal Dispatcher"          daemon [_thread_blocked, id=15720, stack(0x00000098ad600000,0x00000098ad700000) (1024K)]
  0x00000273503e8e90 JavaThread "Attach Listener"            daemon [_thread_blocked, id=5340, stack(0x00000098ad700000,0x00000098ad800000) (1024K)]
  0x00000273503ea900 JavaThread "Service Thread"             daemon [_thread_blocked, id=8568, stack(0x00000098ad800000,0x00000098ad900000) (1024K)]
  0x00000273503eb360 JavaThread "Monitor Deflation Thread"   daemon [_thread_blocked, id=15532, stack(0x00000098ad900000,0x00000098ada00000) (1024K)]
=>0x00000273503ec0f0 JavaThread "C2 CompilerThread0"         daemon [_thread_in_native, id=5456, stack(0x00000098ada00000,0x00000098adb00000) (1024K)]
  0x0000027350415ce0 JavaThread "C1 CompilerThread0"         daemon [_thread_blocked, id=8612, stack(0x00000098adb00000,0x00000098adc00000) (1024K)]
  0x0000027350626830 JavaThread "Common-Cleaner"             daemon [_thread_blocked, id=3120, stack(0x00000098adc00000,0x00000098add00000) (1024K)]
  0x000002739600b050 JavaThread "Monitor Ctrl-Break"         daemon [_thread_in_native, id=8060, stack(0x00000098ade00000,0x00000098adf00000) (1024K)]
  0x000002739617a3d0 JavaThread "Notification Thread"        daemon [_thread_blocked, id=7560, stack(0x00000098adf00000,0x00000098ae000000) (1024K)]
  0x00000273963a8920 JavaThread "Thread-0"                          [_thread_blocked, id=2892, stack(0x00000098ae200000,0x00000098ae300000) (1024K)]
  0x00000273963e8770 JavaThread "restartedMain"                     [_thread_blocked, id=16300, stack(0x00000098ae300000,0x00000098ae400000) (1024K)]
  0x0000027396aeae70 JavaThread "Catalina-utility-1"                [_thread_blocked, id=7544, stack(0x00000098ae400000,0x00000098ae500000) (1024K)]
  0x0000027396aeb500 JavaThread "Catalina-utility-2"                [_thread_blocked, id=14292, stack(0x00000098ae500000,0x00000098ae600000) (1024K)]
  0x0000027396ae9ac0 JavaThread "container-0"                       [_thread_blocked, id=1360, stack(0x00000098ae600000,0x00000098ae700000) (1024K)]
  0x0000027396ae8da0 JavaThread "mysql-cj-abandoned-connection-cleanup" daemon [_thread_blocked, id=5856, stack(0x00000098ae700000,0x00000098ae800000) (1024K)]
  0x0000027396ae8080 JavaThread "HikariPool-1 housekeeper"   daemon [_thread_blocked, id=6204, stack(0x00000098ae900000,0x00000098aea00000) (1024K)]
Total: 19

Other Threads:
  0x0000027334274af0 VMThread "VM Thread"                           [id=15892, stack(0x00000098ad300000,0x00000098ad400000) (1024K)]
  0x000002733425ec30 WatcherThread "VM Periodic Task Thread"        [id=15872, stack(0x00000098ad200000,0x00000098ad300000) (1024K)]
  0x00000273341f31e0 WorkerThread "GC Thread#0"                     [id=13972, stack(0x00000098acd00000,0x00000098ace00000) (1024K)]
  0x00000273963bd970 WorkerThread "GC Thread#1"                     [id=14108, stack(0x00000098ae000000,0x00000098ae100000) (1024K)]
  0x00000273963f1c10 WorkerThread "GC Thread#2"                     [id=6888, stack(0x00000098add00000,0x00000098ade00000) (1024K)]
  0x00000273963f1fb0 WorkerThread "GC Thread#3"                     [id=16304, stack(0x00000098ae100000,0x00000098ae200000) (1024K)]
  0x00000273341fbc40 ConcurrentGCThread "G1 Main Marker"            [id=2136, stack(0x00000098ace00000,0x00000098acf00000) (1024K)]
  0x00000273341fc8f0 WorkerThread "G1 Conc#0"                       [id=16136, stack(0x00000098acf00000,0x00000098ad000000) (1024K)]
  0x000002733424f810 ConcurrentGCThread "G1 Refine#0"               [id=1900, stack(0x00000098ad000000,0x00000098ad100000) (1024K)]
  0x0000027334251390 ConcurrentGCThread "G1 Service"                [id=7496, stack(0x00000098ad100000,0x00000098ad200000) (1024K)]
Total: 10

Threads with active compile tasks:
C2 CompilerThread0    21946 6408   !   4       org.springframework.util.ReflectionUtils::doWithMethods (186 bytes)
Total: 1

VM state: at safepoint (normal execution)

VM Mutex/Monitor currently owned by a thread:  ([mutex/lock_event])
[0x00007ffc68ecc178] Threads_lock - owner thread: 0x0000027334274af0
[0x00007ffc68ecc278] Heap_lock - owner thread: 0x00000273341fbc40

Heap address: 0x00000000c2c00000, size: 980 MB, Compressed Oops mode: 32-bit

CDS archive(s) mapped at: [0x0000027351000000-0x0000027351c90000-0x0000027351c90000), size 13172736, SharedBaseAddress: 0x0000027351000000, ArchiveRelocationMode: 1.
Compressed class space mapped at: 0x0000027352000000-0x0000027392000000, reserved size: 1073741824
Narrow klass base: 0x0000027351000000, Narrow klass shift: 0, Narrow klass range: 0x100000000

GC Precious Log:
 CardTable entry size: 512
 Card Set container configuration: InlinePtr #cards 5 size 8 Array Of Cards #cards 12 size 40 Howl #buckets 4 coarsen threshold 1843 Howl Bitmap #cards 512 size 80 coarsen threshold 460 Card regions per heap region 1 cards per card region 2048
 CPUs: 4 total, 4 available
 Memory: 3917M
 Large Page Support: Disabled
 NUMA Support: Disabled
 Compressed Oops: Enabled (32-bit)
 Heap Region Size: 1M
 Heap Min Capacity: 8M
 Heap Initial Capacity: 62M
 Heap Max Capacity: 980M
 Pre-touch: Disabled
 Parallel Workers: 4
 Concurrent Workers: 1
 Concurrent Refinement Workers: 4
 Periodic GC: Disabled

Heap:
 garbage-first heap   total 62464K, used 39651K [0x00000000c2c00000, 0x0000000100000000)
  region size 1024K, 6 young (6144K), 3 survivors (3072K)
 Metaspace       used 70853K, committed 71552K, reserved 1114112K
  class space    used 9405K, committed 9728K, reserved 1048576K

Heap Regions: E=young(eden), S=young(survivor), O=old, HS=humongous(starts), HC=humongous(continues), CS=collection set, F=free, TAMS=top-at-mark-start, PB=parsable bottom
|   0|0x00000000c2c00000, 0x00000000c2d00000, 0x00000000c2d00000|100%|HS|  |TAMS 0x00000000c2d00000| PB 0x00000000c2c00000| Complete 
|   1|0x00000000c2d00000, 0x00000000c2e00000, 0x00000000c2e00000|100%|HS|  |TAMS 0x00000000c2e00000| PB 0x00000000c2d00000| Complete 
|   2|0x00000000c2e00000, 0x00000000c2f00000, 0x00000000c2f00000|100%| O|  |TAMS 0x00000000c2f00000| PB 0x00000000c2f00000| Updating 
|   3|0x00000000c2f00000, 0x00000000c3000000, 0x00000000c3000000|100%| O|  |TAMS 0x00000000c3000000| PB 0x00000000c3000000| Untracked 
|   4|0x00000000c3000000, 0x00000000c3100000, 0x00000000c3100000|100%| O|  |TAMS 0x00000000c3100000| PB 0x00000000c3100000| Untracked 
|   5|0x00000000c3100000, 0x00000000c3200000, 0x00000000c3200000|100%| O|  |TAMS 0x00000000c3200000| PB 0x00000000c3200000| Untracked 
|   6|0x00000000c3200000, 0x00000000c3300000, 0x00000000c3300000|100%| O|  |TAMS 0x00000000c3300000| PB 0x00000000c3300000| Untracked 
|   7|0x00000000c3300000, 0x00000000c3400000, 0x00000000c3400000|100%| O|  |TAMS 0x00000000c3400000| PB 0x00000000c3400000| Untracked 
|   8|0x00000000c3400000, 0x00000000c3500000, 0x00000000c3500000|100%| O|  |TAMS 0x00000000c3500000| PB 0x00000000c3500000| Untracked 
|   9|0x00000000c3500000, 0x00000000c3600000, 0x00000000c3600000|100%| O|  |TAMS 0x00000000c3600000| PB 0x00000000c3600000| Untracked 
|  10|0x00000000c3600000, 0x00000000c3700000, 0x00000000c3700000|100%| O|  |TAMS 0x00000000c3700000| PB 0x00000000c3700000| Untracked 
|  11|0x00000000c3700000, 0x00000000c3800000, 0x00000000c3800000|100%| O|  |TAMS 0x00000000c3800000| PB 0x00000000c3800000| Untracked 
|  12|0x00000000c3800000, 0x00000000c3900000, 0x00000000c3900000|100%| O|  |TAMS 0x00000000c3900000| PB 0x00000000c3900000| Untracked 
|  13|0x00000000c3900000, 0x00000000c3a00000, 0x00000000c3a00000|100%| O|  |TAMS 0x00000000c3a00000| PB 0x00000000c3a00000| Untracked 
|  14|0x00000000c3a00000, 0x00000000c3b00000, 0x00000000c3b00000|100%| O|  |TAMS 0x00000000c3b00000| PB 0x00000000c3b00000| Updating 
|  15|0x00000000c3b00000, 0x00000000c3c00000, 0x00000000c3c00000|100%| O|  |TAMS 0x00000000c3c00000| PB 0x00000000c3c00000| Untracked 
|  16|0x00000000c3c00000, 0x00000000c3d00000, 0x00000000c3d00000|100%| O|  |TAMS 0x00000000c3d00000| PB 0x00000000c3d00000| Untracked 
|  17|0x00000000c3d00000, 0x00000000c3e00000, 0x00000000c3e00000|100%| O|  |TAMS 0x00000000c3e00000| PB 0x00000000c3e00000| Untracked 
|  18|0x00000000c3e00000, 0x00000000c3f00000, 0x00000000c3f00000|100%| O|  |TAMS 0x00000000c3f00000| PB 0x00000000c3f00000| Updating 
|  19|0x00000000c3f00000, 0x00000000c4000000, 0x00000000c4000000|100%| O|  |TAMS 0x00000000c4000000| PB 0x00000000c4000000| Updating 
|  20|0x00000000c4000000, 0x00000000c4100000, 0x00000000c4100000|100%| O|  |TAMS 0x00000000c4100000| PB 0x00000000c4100000| Untracked 
|  21|0x00000000c4100000, 0x00000000c4200000, 0x00000000c4200000|100%| O|  |TAMS 0x00000000c4200000| PB 0x00000000c4200000| Untracked 
|  22|0x00000000c4200000, 0x00000000c4300000, 0x00000000c4300000|100%| O|  |TAMS 0x00000000c4300000| PB 0x00000000c4300000| Untracked 
|  23|0x00000000c4300000, 0x00000000c4400000, 0x00000000c4400000|100%| O|  |TAMS 0x00000000c4400000| PB 0x00000000c4400000| Updating 
|  24|0x00000000c4400000, 0x00000000c4500000, 0x00000000c4500000|100%| O|  |TAMS 0x00000000c4500000| PB 0x00000000c4500000| Updating 
|  25|0x00000000c4500000, 0x00000000c4600000, 0x00000000c4600000|100%| O|  |TAMS 0x00000000c4600000| PB 0x00000000c4600000| Untracked 
|  26|0x00000000c4600000, 0x00000000c4700000, 0x00000000c4700000|100%| O|  |TAMS 0x00000000c4700000| PB 0x00000000c4700000| Untracked 
|  27|0x00000000c4700000, 0x00000000c4800000, 0x00000000c4800000|100%| O|  |TAMS 0x00000000c4800000| PB 0x00000000c4800000| Untracked 
|  28|0x00000000c4800000, 0x00000000c4900000, 0x00000000c4900000|100%| O|  |TAMS 0x00000000c4900000| PB 0x00000000c4900000| Untracked 
|  29|0x00000000c4900000, 0x00000000c4a00000, 0x00000000c4a00000|100%| O|  |TAMS 0x00000000c4a00000| PB 0x00000000c4a00000| Updating 
|  30|0x00000000c4a00000, 0x00000000c4b00000, 0x00000000c4b00000|100%| O|  |TAMS 0x00000000c4b00000| PB 0x00000000c4b00000| Untracked 
|  31|0x00000000c4b00000, 0x00000000c4c00000, 0x00000000c4c00000|100%| O|  |TAMS 0x00000000c4bbeb18| PB 0x00000000c4bbeb18| Updating 
|  32|0x00000000c4c00000, 0x00000000c4cb8c80, 0x00000000c4d00000| 72%| O|  |TAMS 0x00000000c4c00000| PB 0x00000000c4c00000| Updating 
|  33|0x00000000c4d00000, 0x00000000c4d00000, 0x00000000c4e00000|  0%| F|  |TAMS 0x00000000c4d00000| PB 0x00000000c4d00000| Untracked 
|  34|0x00000000c4e00000, 0x00000000c4e00000, 0x00000000c4f00000|  0%| F|  |TAMS 0x00000000c4e00000| PB 0x00000000c4e00000| Untracked 
|  35|0x00000000c4f00000, 0x00000000c5000000, 0x00000000c5000000|100%| O|  |TAMS 0x00000000c5000000| PB 0x00000000c5000000| Updating 
|  36|0x00000000c5000000, 0x00000000c5000000, 0x00000000c5100000|  0%| F|  |TAMS 0x00000000c5000000| PB 0x00000000c5000000| Untracked 
|  37|0x00000000c5100000, 0x00000000c5100000, 0x00000000c5200000|  0%| F|  |TAMS 0x00000000c5100000| PB 0x00000000c5100000| Untracked 
|  38|0x00000000c5200000, 0x00000000c5300000, 0x00000000c5300000|100%| S|CS|TAMS 0x00000000c5200000| PB 0x00000000c5200000| Complete 
|  39|0x00000000c5300000, 0x00000000c5400000, 0x00000000c5400000|100%| S|CS|TAMS 0x00000000c5300000| PB 0x00000000c5300000| Complete 
|  40|0x00000000c5400000, 0x00000000c5500000, 0x00000000c5500000|100%| S|CS|TAMS 0x00000000c5400000| PB 0x00000000c5400000| Complete 
|  41|0x00000000c5500000, 0x00000000c5500000, 0x00000000c5600000|  0%| F|  |TAMS 0x00000000c5500000| PB 0x00000000c5500000| Untracked 
|  42|0x00000000c5600000, 0x00000000c5600000, 0x00000000c5700000|  0%| F|  |TAMS 0x00000000c5600000| PB 0x00000000c5600000| Untracked 
|  43|0x00000000c5700000, 0x00000000c5700000, 0x00000000c5800000|  0%| F|  |TAMS 0x00000000c5700000| PB 0x00000000c5700000| Untracked 
|  44|0x00000000c5800000, 0x00000000c5800000, 0x00000000c5900000|  0%| F|  |TAMS 0x00000000c5800000| PB 0x00000000c5800000| Untracked 
|  45|0x00000000c5900000, 0x00000000c5900000, 0x00000000c5a00000|  0%| F|  |TAMS 0x00000000c5900000| PB 0x00000000c5900000| Untracked 
|  46|0x00000000c5a00000, 0x00000000c5a00000, 0x00000000c5b00000|  0%| F|  |TAMS 0x00000000c5a00000| PB 0x00000000c5a00000| Untracked 
|  47|0x00000000c5b00000, 0x00000000c5b00000, 0x00000000c5c00000|  0%| F|  |TAMS 0x00000000c5b00000| PB 0x00000000c5b00000| Untracked 
|  48|0x00000000c5c00000, 0x00000000c5c00000, 0x00000000c5d00000|  0%| F|  |TAMS 0x00000000c5c00000| PB 0x00000000c5c00000| Untracked 
|  49|0x00000000c5d00000, 0x00000000c5d00000, 0x00000000c5e00000|  0%| F|  |TAMS 0x00000000c5d00000| PB 0x00000000c5d00000| Untracked 
|  50|0x00000000c5e00000, 0x00000000c5e00000, 0x00000000c5f00000|  0%| F|  |TAMS 0x00000000c5e00000| PB 0x00000000c5e00000| Untracked 
|  51|0x00000000c5f00000, 0x00000000c5f00000, 0x00000000c6000000|  0%| F|  |TAMS 0x00000000c5f00000| PB 0x00000000c5f00000| Untracked 
|  52|0x00000000c6000000, 0x00000000c6000000, 0x00000000c6100000|  0%| F|  |TAMS 0x00000000c6000000| PB 0x00000000c6000000| Untracked 
|  53|0x00000000c6100000, 0x00000000c6100000, 0x00000000c6200000|  0%| F|  |TAMS 0x00000000c6100000| PB 0x00000000c6100000| Untracked 
|  54|0x00000000c6200000, 0x00000000c6200000, 0x00000000c6300000|  0%| F|  |TAMS 0x00000000c6200000| PB 0x00000000c6200000| Untracked 
|  55|0x00000000c6300000, 0x00000000c6300000, 0x00000000c6400000|  0%| F|  |TAMS 0x00000000c6300000| PB 0x00000000c6300000| Untracked 
|  56|0x00000000c6400000, 0x00000000c6400000, 0x00000000c6500000|  0%| F|  |TAMS 0x00000000c6400000| PB 0x00000000c6400000| Untracked 
|  57|0x00000000c6500000, 0x00000000c6500000, 0x00000000c6600000|  0%| F|  |TAMS 0x00000000c6500000| PB 0x00000000c6500000| Untracked 
|  58|0x00000000c6600000, 0x00000000c66bce50, 0x00000000c6700000| 73%| E|  |TAMS 0x00000000c6600000| PB 0x00000000c6600000| Complete 
|  61|0x00000000c6900000, 0x00000000c6a00000, 0x00000000c6a00000|100%| E|CS|TAMS 0x00000000c6900000| PB 0x00000000c6900000| Complete 
| 979|0x00000000fff00000, 0x0000000100000000, 0x0000000100000000|100%| E|CS|TAMS 0x00000000fff00000| PB 0x00000000fff00000| Complete 

Card table byte_map: [0x000002734ce40000,0x000002734d030000] _byte_map_base: 0x000002734c82a000

Marking Bits: (CMBitMap*) 0x00000273341f38e0
 Bits: [0x000002734d030000, 0x000002734df80000)

Polling page: 0x0000027332100000

Metaspace:

Usage:
  Non-class:     60.01 MB used.
      Class:      9.19 MB used.
       Both:     69.19 MB used.

Virtual space:
  Non-class space:       64.00 MB reserved,      60.38 MB ( 94%) committed,  1 nodes.
      Class space:        1.00 GB reserved,       9.50 MB ( <1%) committed,  1 nodes.
             Both:        1.06 GB reserved,      69.88 MB (  6%) committed. 

Chunk freelists:
   Non-Class:  2.97 MB
       Class:  6.55 MB
        Both:  9.52 MB

MaxMetaspaceSize: unlimited
CompressedClassSpaceSize: 1.00 GB
Initial GC threshold: 21.00 MB
Current GC threshold: 90.94 MB
CDS: on
 - commit_granule_bytes: 65536.
 - commit_granule_words: 8192.
 - virtual_space_node_default_size: 8388608.
 - enlarge_chunks_in_place: 1.
 - use_allocation_guard: 0.


Internal statistics:

num_allocs_failed_limit: 8.
num_arena_births: 918.
num_arena_deaths: 0.
num_vsnodes_births: 2.
num_vsnodes_deaths: 0.
num_space_committed: 1118.
num_space_uncommitted: 0.
num_chunks_returned_to_freelist: 8.
num_chunks_taken_from_freelist: 3368.
num_chunk_merges: 8.
num_chunk_splits: 2418.
num_chunks_enlarged: 1839.
num_inconsistent_stats: 0.

CodeHeap 'non-profiled nmethods': size=120000Kb used=2825Kb max_used=2996Kb free=117174Kb
 bounds [0x0000027345720000, 0x0000027345a10000, 0x000002734cc50000]
CodeHeap 'profiled nmethods': size=120000Kb used=10658Kb max_used=11398Kb free=109341Kb
 bounds [0x000002733dc50000, 0x000002733e780000, 0x0000027345180000]
CodeHeap 'non-nmethods': size=5760Kb used=2117Kb max_used=2145Kb free=3643Kb
 bounds [0x0000027345180000, 0x00000273453f0000, 0x0000027345720000]
 total_blobs=6465 nmethods=5630 adapters=740
 compilation: enabled
              stopped_count=0, restarted_count=0
 full_count=0

Compilation events (20 events):
Event: 21.867 Thread 0x0000027350415ce0 nmethod 6537 0x000002733e75c390 code [0x000002733e75c580, 0x000002733e75c920]
Event: 21.867 Thread 0x0000027350415ce0 6539       2       java.util.Collections::singletonSpliterator (9 bytes)
Event: 21.867 Thread 0x0000027350415ce0 nmethod 6539 0x000002733e75cb90 code [0x000002733e75cd20, 0x000002733e75cec0]
Event: 21.867 Thread 0x0000027350415ce0 6541       2       java.util.Collections$2::forEachRemaining (7 bytes)
Event: 21.867 Thread 0x0000027350415ce0 nmethod 6541 0x000002733e75cf90 code [0x000002733e75d140, 0x000002733e75d268]
Event: 21.867 Thread 0x0000027350415ce0 6538       2       org.springframework.data.repository.core.support.RepositoryComposition$RepositoryFragments::methods (15 bytes)
Event: 21.868 Thread 0x0000027350415ce0 nmethod 6538 0x000002733e75d310 code [0x000002733e75d500, 0x000002733e75d890]
Event: 21.868 Thread 0x0000027350415ce0 6542       2       java.util.Collections$2::tryAdvance (38 bytes)
Event: 21.868 Thread 0x0000027350415ce0 nmethod 6542 0x000002733e75da90 code [0x000002733e75dc60, 0x000002733e75dec0]
Event: 21.868 Thread 0x0000027350415ce0 6543       2       java.util.Collections$SingletonList::spliterator (8 bytes)
Event: 21.868 Thread 0x0000027350415ce0 nmethod 6543 0x000002733e75df90 code [0x000002733e75e140, 0x000002733e75e300]
Event: 21.868 Thread 0x0000027350415ce0 6540       2       java.util.Collections$2::<init> (15 bytes)
Event: 21.868 Thread 0x0000027350415ce0 nmethod 6540 0x000002733e75e390 code [0x000002733e75e520, 0x000002733e75e680]
Event: 21.871 Thread 0x0000027350415ce0 6545       2       org.springframework.core.annotation.TypeMappedAnnotation::getAttributeIndex (63 bytes)
Event: 21.872 Thread 0x0000027350415ce0 nmethod 6545 0x000002733e75e710 code [0x000002733e75e940, 0x000002733e75ee10]
Event: 21.873 Thread 0x0000027350415ce0 6546   !   2       java.util.regex.Pattern::RemoveQEQuoting (370 bytes)
Event: 21.874 Thread 0x0000027350415ce0 nmethod 6546 0x000002733e75f190 code [0x000002733e75f3e0, 0x000002733e75fe40]
Event: 21.874 Thread 0x0000027350415ce0 6547       2       java.util.regex.Pattern::escape (1310 bytes)
Event: 21.879 Thread 0x0000027350415ce0 nmethod 6547 0x000002733e760390 code [0x000002733e760b40, 0x000002733e763b50]
Event: 21.887 Thread 0x0000027350415ce0 6548       2       org.springframework.asm.ClassReader::accept (1401 bytes)

GC Heap History (20 events):
Event: 8.703 GC heap before
{Heap before GC invocations=6 (full 0):
 garbage-first heap   total 58368K, used 49711K [0x00000000c2c00000, 0x0000000100000000)
  region size 1024K, 34 young (34816K), 1 survivors (1024K)
 Metaspace       used 25485K, committed 25856K, reserved 1114112K
  class space    used 3118K, committed 3264K, reserved 1048576K
}
Event: 8.709 GC heap after
{Heap after GC invocations=7 (full 0):
 garbage-first heap   total 58368K, used 19154K [0x00000000c2c00000, 0x0000000100000000)
  region size 1024K, 4 young (4096K), 4 survivors (4096K)
 Metaspace       used 25485K, committed 25856K, reserved 1114112K
  class space    used 3118K, committed 3264K, reserved 1048576K
}
Event: 10.223 GC heap before
{Heap before GC invocations=7 (full 0):
 garbage-first heap   total 58368K, used 46802K [0x00000000c2c00000, 0x0000000100000000)
  region size 1024K, 31 young (31744K), 4 survivors (4096K)
 Metaspace       used 29970K, committed 30400K, reserved 1114112K
  class space    used 3719K, committed 3904K, reserved 1048576K
}
Event: 10.235 GC heap after
{Heap after GC invocations=8 (full 0):
 garbage-first heap   total 58368K, used 20717K [0x00000000c2c00000, 0x0000000100000000)
  region size 1024K, 3 young (3072K), 3 survivors (3072K)
 Metaspace       used 29970K, committed 30400K, reserved 1114112K
  class space    used 3719K, committed 3904K, reserved 1048576K
}
Event: 11.450 GC heap before
{Heap before GC invocations=8 (full 0):
 garbage-first heap   total 58368K, used 46317K [0x00000000c2c00000, 0x0000000100000000)
  region size 1024K, 28 young (28672K), 3 survivors (3072K)
 Metaspace       used 34330K, committed 34816K, reserved 1114112K
  class space    used 4344K, committed 4608K, reserved 1048576K
}
Event: 11.457 GC heap after
{Heap after GC invocations=9 (full 0):
 garbage-first heap   total 58368K, used 23767K [0x00000000c2c00000, 0x0000000100000000)
  region size 1024K, 4 young (4096K), 4 survivors (4096K)
 Metaspace       used 34330K, committed 34816K, reserved 1114112K
  class space    used 4344K, committed 4608K, reserved 1048576K
}
Event: 11.952 GC heap before
{Heap before GC invocations=9 (full 0):
 garbage-first heap   total 58368K, used 51415K [0x00000000c2c00000, 0x0000000100000000)
  region size 1024K, 28 young (28672K), 4 survivors (4096K)
 Metaspace       used 35603K, committed 36096K, reserved 1114112K
  class space    used 4466K, committed 4736K, reserved 1048576K
}
Event: 11.962 GC heap after
{Heap after GC invocations=10 (full 0):
 garbage-first heap   total 62464K, used 28279K [0x00000000c2c00000, 0x0000000100000000)
  region size 1024K, 4 young (4096K), 4 survivors (4096K)
 Metaspace       used 35603K, committed 36096K, reserved 1114112K
  class space    used 4466K, committed 4736K, reserved 1048576K
}
Event: 13.151 GC heap before
{Heap before GC invocations=11 (full 0):
 garbage-first heap   total 62464K, used 51831K [0x00000000c2c00000, 0x0000000100000000)
  region size 1024K, 27 young (27648K), 4 survivors (4096K)
 Metaspace       used 40184K, committed 40768K, reserved 1114112K
  class space    used 5089K, committed 5376K, reserved 1048576K
}
Event: 13.162 GC heap after
{Heap after GC invocations=12 (full 0):
 garbage-first heap   total 62464K, used 29939K [0x00000000c2c00000, 0x0000000100000000)
  region size 1024K, 2 young (2048K), 2 survivors (2048K)
 Metaspace       used 40184K, committed 40768K, reserved 1114112K
  class space    used 5089K, committed 5376K, reserved 1048576K
}
Event: 14.374 GC heap before
{Heap before GC invocations=12 (full 0):
 garbage-first heap   total 62464K, used 52467K [0x00000000c2c00000, 0x0000000100000000)
  region size 1024K, 24 young (24576K), 2 survivors (2048K)
 Metaspace       used 46707K, committed 47232K, reserved 1114112K
  class space    used 6045K, committed 6272K, reserved 1048576K
}
Event: 14.380 GC heap after
{Heap after GC invocations=13 (full 0):
 garbage-first heap   total 62464K, used 31428K [0x00000000c2c00000, 0x0000000100000000)
  region size 1024K, 3 young (3072K), 3 survivors (3072K)
 Metaspace       used 46707K, committed 47232K, reserved 1114112K
  class space    used 6045K, committed 6272K, reserved 1048576K
}
Event: 16.486 GC heap before
{Heap before GC invocations=13 (full 0):
 garbage-first heap   total 62464K, used 52932K [0x00000000c2c00000, 0x0000000100000000)
  region size 1024K, 25 young (25600K), 3 survivors (3072K)
 Metaspace       used 54914K, committed 55552K, reserved 1114112K
  class space    used 7077K, committed 7360K, reserved 1048576K
}
Event: 16.494 GC heap after
{Heap after GC invocations=14 (full 0):
 garbage-first heap   total 62464K, used 33777K [0x00000000c2c00000, 0x0000000100000000)
  region size 1024K, 4 young (4096K), 4 survivors (4096K)
 Metaspace       used 54914K, committed 55552K, reserved 1114112K
  class space    used 7077K, committed 7360K, reserved 1048576K
}
Event: 18.155 GC heap before
{Heap before GC invocations=15 (full 0):
 garbage-first heap   total 62464K, used 54257K [0x00000000c2c00000, 0x0000000100000000)
  region size 1024K, 24 young (24576K), 4 survivors (4096K)
 Metaspace       used 61078K, committed 61696K, reserved 1114112K
  class space    used 8027K, committed 8320K, reserved 1048576K
}
Event: 18.162 GC heap after
{Heap after GC invocations=16 (full 0):
 garbage-first heap   total 62464K, used 34872K [0x00000000c2c00000, 0x0000000100000000)
  region size 1024K, 2 young (2048K), 2 survivors (2048K)
 Metaspace       used 61078K, committed 61696K, reserved 1114112K
  class space    used 8027K, committed 8320K, reserved 1048576K
}
Event: 20.274 GC heap before
{Heap before GC invocations=16 (full 0):
 garbage-first heap   total 62464K, used 55352K [0x00000000c2c00000, 0x0000000100000000)
  region size 1024K, 22 young (22528K), 2 survivors (2048K)
 Metaspace       used 66127K, committed 66816K, reserved 1114112K
  class space    used 8819K, committed 9152K, reserved 1048576K
}
Event: 20.280 GC heap after
{Heap after GC invocations=17 (full 0):
 garbage-first heap   total 62464K, used 35351K [0x00000000c2c00000, 0x0000000100000000)
  region size 1024K, 2 young (2048K), 2 survivors (2048K)
 Metaspace       used 66127K, committed 66816K, reserved 1114112K
  class space    used 8819K, committed 9152K, reserved 1048576K
}
Event: 21.831 GC heap before
{Heap before GC invocations=17 (full 0):
 garbage-first heap   total 62464K, used 55831K [0x00000000c2c00000, 0x0000000100000000)
  region size 1024K, 22 young (22528K), 2 survivors (2048K)
 Metaspace       used 70742K, committed 71488K, reserved 1114112K
  class space    used 9400K, committed 9728K, reserved 1048576K
}
Event: 21.837 GC heap after
{Heap after GC invocations=18 (full 0):
 garbage-first heap   total 62464K, used 37603K [0x00000000c2c00000, 0x0000000100000000)
  region size 1024K, 3 young (3072K), 3 survivors (3072K)
 Metaspace       used 70742K, committed 71488K, reserved 1114112K
  class space    used 9400K, committed 9728K, reserved 1048576K
}

Dll operation events (14 events):
Event: 0.029 Loaded shared library C:\Program Files\BellSoft\LibericaJDK-21-Full\bin\java.dll
Event: 0.134 Loaded shared library C:\Program Files\BellSoft\LibericaJDK-21-Full\bin\jsvml.dll
Event: 0.454 Loaded shared library C:\Program Files\BellSoft\LibericaJDK-21-Full\bin\zip.dll
Event: 0.466 Loaded shared library C:\Program Files\BellSoft\LibericaJDK-21-Full\bin\instrument.dll
Event: 0.489 Loaded shared library C:\Program Files\BellSoft\LibericaJDK-21-Full\bin\net.dll
Event: 0.496 Loaded shared library C:\Program Files\BellSoft\LibericaJDK-21-Full\bin\nio.dll
Event: 0.516 Loaded shared library C:\Program Files\BellSoft\LibericaJDK-21-Full\bin\zip.dll
Event: 1.408 Loaded shared library C:\Program Files\JetBrains\IntelliJ IDEA Community Edition 2024.1.1\bin\breakgen64.dll
Event: 1.439 Loaded shared library C:\Program Files\BellSoft\LibericaJDK-21-Full\bin\extnet.dll
Event: 1.503 Loaded shared library C:\Program Files\BellSoft\LibericaJDK-21-Full\bin\verify.dll
Event: 1.518 Loaded shared library C:\Program Files\BellSoft\LibericaJDK-21-Full\bin\jimage.dll
Event: 3.265 Loaded shared library C:\Program Files\BellSoft\LibericaJDK-21-Full\bin\management.dll
Event: 3.334 Loaded shared library C:\Program Files\BellSoft\LibericaJDK-21-Full\bin\management_ext.dll
Event: 7.067 Loaded shared library C:\Program Files\BellSoft\LibericaJDK-21-Full\bin\sunmscapi.dll

Deoptimization events (20 events):
Event: 21.475 Thread 0x00000273963e8770 Uncommon trap: trap_request=0xffffffde fr.pc=0x00000273457b2da4 relative=0x00000000000003e4
Event: 21.475 Thread 0x00000273963e8770 Uncommon trap: reason=class_check action=maybe_recompile pc=0x00000273457b2da4 method=org.springframework.util.ConcurrentReferenceHashMap$Segment.findInChain(Lorg/springframework/util/ConcurrentReferenceHashMap$Reference;Ljava/lang/Object;I)Lorg/springfra
Event: 21.475 Thread 0x00000273963e8770 DEOPT PACKING pc=0x00000273457b2da4 sp=0x00000098ae3fc610
Event: 21.475 Thread 0x00000273963e8770 DEOPT UNPACKING pc=0x00000273451d469c sp=0x00000098ae3fc528 mode 2
Event: 21.475 Thread 0x00000273963e8770 Uncommon trap: trap_request=0xffffffde fr.pc=0x000002734572ee3c relative=0x00000000000001fc
Event: 21.475 Thread 0x00000273963e8770 Uncommon trap: reason=class_check action=maybe_recompile pc=0x000002734572ee3c method=org.springframework.util.ConcurrentReferenceHashMap$Segment.findInChain(Lorg/springframework/util/ConcurrentReferenceHashMap$Reference;Ljava/lang/Object;I)Lorg/springfra
Event: 21.475 Thread 0x00000273963e8770 DEOPT PACKING pc=0x000002734572ee3c sp=0x00000098ae3fc560
Event: 21.475 Thread 0x00000273963e8770 DEOPT UNPACKING pc=0x00000273451d469c sp=0x00000098ae3fc528 mode 2
Event: 21.610 Thread 0x00000273963e8770 Uncommon trap: trap_request=0xffffff76 fr.pc=0x00000273459abc8c relative=0x000000000000034c
Event: 21.610 Thread 0x00000273963e8770 Uncommon trap: reason=predicate action=maybe_recompile pc=0x00000273459abc8c method=java.util.Arrays$ArrayList.indexOf(Ljava/lang/Object;)I @ 39 c2
Event: 21.610 Thread 0x00000273963e8770 DEOPT PACKING pc=0x00000273459abc8c sp=0x00000098ae3fc770
Event: 21.610 Thread 0x00000273963e8770 DEOPT UNPACKING pc=0x00000273451d469c sp=0x00000098ae3fc6e8 mode 2
Event: 21.807 Thread 0x00000273963e8770 Uncommon trap: trap_request=0xffffff45 fr.pc=0x00000273457f99e8 relative=0x0000000000001348
Event: 21.807 Thread 0x00000273963e8770 Uncommon trap: reason=unstable_if action=reinterpret pc=0x00000273457f99e8 method=java.util.concurrent.ConcurrentHashMap.transfer([Ljava/util/concurrent/ConcurrentHashMap$Node;[Ljava/util/concurrent/ConcurrentHashMap$Node;)V @ 352 c2
Event: 21.807 Thread 0x00000273963e8770 DEOPT PACKING pc=0x00000273457f99e8 sp=0x00000098ae3fc960
Event: 21.807 Thread 0x00000273963e8770 DEOPT UNPACKING pc=0x00000273451d469c sp=0x00000098ae3fc8f8 mode 2
Event: 21.840 Thread 0x00000273963e8770 Uncommon trap: trap_request=0xffffff45 fr.pc=0x00000273457a46b4 relative=0x0000000000000434
Event: 21.840 Thread 0x00000273963e8770 Uncommon trap: reason=unstable_if action=reinterpret pc=0x00000273457a46b4 method=org.springframework.core.annotation.TypeMappedAnnotations$MergedAnnotationFinder.doWithAnnotations(Ljava/lang/Object;ILjava/lang/Object;[Ljava/lang/annotation/Annotation;)Lo
Event: 21.840 Thread 0x00000273963e8770 DEOPT PACKING pc=0x00000273457a46b4 sp=0x00000098ae3fcb20
Event: 21.840 Thread 0x00000273963e8770 DEOPT UNPACKING pc=0x00000273451d469c sp=0x00000098ae3fcae0 mode 2

Classes loaded (20 events):
Event: 21.481 Loading class java/util/WeakHashMap$EntryIterator
Event: 21.481 Loading class java/util/WeakHashMap$EntryIterator done
Event: 21.561 Loading class java/lang/Package$1PackageInfoProxy
Event: 21.561 Loading class java/lang/Package$1PackageInfoProxy done
Event: 21.590 Loading class java/util/stream/ReduceOps$5
Event: 21.591 Loading class java/util/stream/ReduceOps$5 done
Event: 21.591 Loading class java/util/stream/ReduceOps$CountingSink$OfRef
Event: 21.591 Loading class java/util/stream/ReduceOps$CountingSink
Event: 21.591 Loading class java/util/stream/ReduceOps$CountingSink done
Event: 21.591 Loading class java/util/stream/ReduceOps$CountingSink$OfRef done
Event: 21.644 Loading class java/lang/invoke/WrongMethodTypeException
Event: 21.645 Loading class java/lang/invoke/WrongMethodTypeException done
Event: 21.660 Loading class java/lang/Character$UnicodeBlock
Event: 21.662 Loading class java/lang/Character$Subset
Event: 21.662 Loading class java/lang/Character$Subset done
Event: 21.664 Loading class java/lang/Character$UnicodeBlock done
Event: 21.756 Loading class java/util/regex/Pattern$Bound
Event: 21.756 Loading class java/util/regex/Pattern$Bound done
Event: 21.758 Loading class java/util/regex/Pattern$Behind
Event: 21.758 Loading class java/util/regex/Pattern$Behind done

Classes unloaded (0 events):
No events

Classes redefined (0 events):
No events

Internal exceptions (20 events):
Event: 18.870 Thread 0x00000273963e8770 Exception <a 'java/lang/NoSuchMethodError'{0x00000000c5a2ecf0}: 'java.lang.Object java.lang.invoke.DirectMethodHandle$Holder.newInvokeSpecial(java.lang.Object, java.lang.Object, int)'> (0x00000000c5a2ecf0) 
thrown [s\src\hotspot\share\interpreter\linkResolver.cpp, line 773]
Event: 19.097 Thread 0x00000273963e8770 Implicit null exception at 0x0000027345839b41 to 0x0000027345839c68
Event: 19.205 Thread 0x00000273963e8770 Exception <a 'java/lang/NoSuchMethodError'{0x00000000c5986470}: 'java.lang.Object java.lang.invoke.DirectMethodHandle$Holder.newInvokeSpecial(java.lang.Object, java.lang.Object, java.lang.Object, java.lang.Object, java.lang.Object, int, java.lang.Object)'> (0x00000000c5986470) 
thrown [s\src\hotspot\share\interpreter\linkResolver.cpp, line 773]
Event: 19.220 Thread 0x00000273963e8770 Exception <a 'java/lang/NoSuchMethodError'{0x00000000c59ab2a0}: 'void java.lang.invoke.DirectMethodHandle$Holder.invokeSpecial(java.lang.Object, java.lang.Object, java.lang.Object, java.lang.Object, java.lang.Object, java.lang.Object, java.lang.Object, java.lang.Object, java.lang.Object, java.lang.Object, java.lang.Object, java.lang.Object, java.lang.Object)'> (0x00000000c59ab2a0) 
thrown [s\src\hotspot\share\interpreter\linkResolver.cpp, line 773]
Event: 19.221 Thread 0x00000273963e8770 Exception <a 'java/lang/NoSuchMethodError'{0x00000000c59b8630}: 'java.lang.Object java.lang.invoke.DirectMethodHandle$Holder.newInvokeSpecial(java.lang.Object, java.lang.Object, java.lang.Object, java.lang.Object, java.lang.Object, java.lang.Object, java.lang.Object, java.lang.Object, java.lang.Object, java.lang.Object, java.lang.Object, java.lang.Object)'> (0x00000000c59b8630) 
thrown [s\src\hotspot\share\interpreter\linkResolver.cpp, line 773]
Event: 19.222 Thread 0x00000273963e8770 Exception <a 'java/lang/NoSuchMethodError'{0x00000000c59bcf28}: 'java.lang.Object java.lang.invoke.DirectMethodHandle$Holder.invokeSpecial(java.lang.Object, java.lang.Object, java.lang.Object, java.lang.Object, java.lang.Object, java.lang.Object, java.lang.Object, java.lang.Object, java.lang.Object, java.lang.Object, java.lang.Object, java.lang.Object, java.lang.Object)'> (0x00000000c59bcf28) 
thrown [s\src\hotspot\share\interpreter\linkResolver.cpp, line 773]
Event: 19.222 Thread 0x00000273963e8770 Exception <a 'java/lang/NoSuchMethodError'{0x00000000c59c1400}: 'java.lang.Object java.lang.invoke.Invokers$Holder.linkToTargetMethod(java.lang.Object, java.lang.Object, java.lang.Object, java.lang.Object, java.lang.Object, java.lang.Object, java.lang.Object, java.lang.Object, java.lang.Object, java.lang.Object, java.lang.Object, java.lang.Object)'> (0x00000000c59c1400) 
thrown [s\src\hotspot\share\interpreter\linkResolver.cpp, line 773]
Event: 19.432 Thread 0x00000273963e8770 Exception <a 'java/lang/NoSuchMethodError'{0x00000000c578abb0}: 'java.lang.Object java.lang.invoke.DirectMethodHandle$Holder.newInvokeSpecial(java.lang.Object, java.lang.Object, java.lang.Object, java.lang.Object, java.lang.Object, java.lang.Object, java.lang.Object, int)'> (0x00000000c578abb0) 
thrown [s\src\hotspot\share\interpreter\linkResolver.cpp, line 773]
Event: 19.432 Thread 0x00000273963e8770 Exception <a 'java/lang/NoSuchMethodError'{0x00000000c578f110}: 'java.lang.Object java.lang.invoke.DirectMethodHandle$Holder.invokeSpecial(java.lang.Object, java.lang.Object, java.lang.Object, java.lang.Object, java.lang.Object, java.lang.Object, java.lang.Object, java.lang.Object, int)'> (0x00000000c578f110) 
thrown [s\src\hotspot\share\interpreter\linkResolver.cpp, line 773]
Event: 19.456 Thread 0x00000273963e8770 Exception <a 'java/lang/NoSuchMethodError'{0x00000000c5793128}: 'java.lang.Object java.lang.invoke.Invokers$Holder.linkToTargetMethod(java.lang.Object, java.lang.Object, java.lang.Object, java.lang.Object, java.lang.Object, java.lang.Object, int, java.lang.Object)'> (0x00000000c5793128) 
thrown [s\src\hotspot\share\interpreter\linkResolver.cpp, line 773]
Event: 19.567 Thread 0x00000273963e8770 Exception <a 'java/lang/NoSuchMethodError'{0x00000000c56913b0}: 'java.lang.Object java.lang.invoke.DirectMethodHandle$Holder.newInvokeSpecial(java.lang.Object, java.lang.Object, int, java.lang.Object, int, java.lang.Object, java.lang.Object)'> (0x00000000c56913b0) 
thrown [s\src\hotspot\share\interpreter\linkResolver.cpp, line 773]
Event: 19.617 Thread 0x00000273963e8770 Exception <a 'java/lang/NoSuchMethodError'{0x00000000c56d05c8}: 'void java.lang.invoke.DirectMethodHandle$Holder.invokeInterface(java.lang.Object, java.lang.Object)'> (0x00000000c56d05c8) 
thrown [s\src\hotspot\share\interpreter\linkResolver.cpp, line 773]
Event: 20.353 Thread 0x00000273963e8770 Exception <a 'java/lang/NoSuchMethodError'{0x00000000fff1ef88}: 'void java.lang.invoke.DirectMethodHandle$Holder.invokeStatic(java.lang.Object, java.lang.Object, java.lang.Object, java.lang.Object, java.lang.Object, java.lang.Object, java.lang.Object, java.lang.Object, java.lang.Object)'> (0x00000000fff1ef88) 
thrown [s\src\hotspot\share\interpreter\linkResolver.cpp, line 773]
Event: 20.850 Thread 0x00000273963e8770 Exception <a 'java/lang/NoSuchMethodError'{0x00000000c69e6a30}: 'java.lang.Object java.lang.invoke.DirectMethodHandle$Holder.invokeSpecial(java.lang.Object, java.lang.Object, int, java.lang.Object, int)'> (0x00000000c69e6a30) 
thrown [s\src\hotspot\share\interpreter\linkResolver.cpp, line 773]
Event: 21.056 Thread 0x00000273963e8770 Exception <a 'java/lang/NoSuchMethodError'{0x00000000c66cd3d8}: 'void java.lang.invoke.Invokers$Holder.invokeExact_MT(java.lang.Object, java.lang.Object, java.lang.Object, java.lang.Object)'> (0x00000000c66cd3d8) 
thrown [s\src\hotspot\share\interpreter\linkResolver.cpp, line 773]
Event: 21.116 Thread 0x00000273963e8770 Implicit null exception at 0x00000273459f78f7 to 0x00000273459f7b60
Event: 21.226 Thread 0x00000273963e8770 Exception <a 'java/lang/IncompatibleClassChangeError'{0x00000000c61218c8}: Found class java.lang.Object, but interface was expected> (0x00000000c61218c8) 
thrown [s\src\hotspot\share\interpreter\linkResolver.cpp, line 840]
Event: 21.291 Thread 0x00000273963e8770 Exception <a 'java/lang/IncompatibleClassChangeError'{0x00000000c6099a88}: Found class java.lang.Object, but interface was expected> (0x00000000c6099a88) 
thrown [s\src\hotspot\share\interpreter\linkResolver.cpp, line 840]
Event: 21.548 Thread 0x00000273963e8770 Exception <a 'java/lang/IncompatibleClassChangeError'{0x00000000c5abe400}: Found class java.lang.Object, but interface was expected> (0x00000000c5abe400) 
thrown [s\src\hotspot\share\interpreter\linkResolver.cpp, line 840]
Event: 21.694 Thread 0x00000273963e8770 Exception <a 'java/lang/IncompatibleClassChangeError'{0x00000000c5757790}: Found class java.lang.Object, but interface was expected> (0x00000000c5757790) 
thrown [s\src\hotspot\share\interpreter\linkResolver.cpp, line 840]

ZGC Phase Switch (0 events):
No events

VM Operations (20 events):
Event: 18.155 Executing VM operation: G1CollectForAllocation (G1 Evacuation Pause)
Event: 18.162 Executing VM operation: G1CollectForAllocation (G1 Evacuation Pause) done
Event: 18.416 Executing VM operation: HandshakeAllThreads (Deoptimize)
Event: 18.416 Executing VM operation: HandshakeAllThreads (Deoptimize) done
Event: 18.562 Executing VM operation: ICBufferFull
Event: 18.562 Executing VM operation: ICBufferFull done
Event: 19.571 Executing VM operation: Cleanup
Event: 19.571 Executing VM operation: Cleanup done
Event: 20.274 Executing VM operation: G1CollectForAllocation (G1 Evacuation Pause)
Event: 20.280 Executing VM operation: G1CollectForAllocation (G1 Evacuation Pause) done
Event: 20.744 Executing VM operation: HandshakeAllThreads (Deoptimize)
Event: 20.744 Executing VM operation: HandshakeAllThreads (Deoptimize) done
Event: 21.460 Executing VM operation: HandshakeAllThreads (Deoptimize)
Event: 21.460 Executing VM operation: HandshakeAllThreads (Deoptimize) done
Event: 21.460 Executing VM operation: Cleanup
Event: 21.460 Executing VM operation: Cleanup done
Event: 21.569 Executing VM operation: HandshakeAllThreads (Deoptimize)
Event: 21.569 Executing VM operation: HandshakeAllThreads (Deoptimize) done
Event: 21.830 Executing VM operation: G1CollectForAllocation (G1 Evacuation Pause)
Event: 21.837 Executing VM operation: G1CollectForAllocation (G1 Evacuation Pause) done

Events (20 events):
Event: 16.571 Thread 0x0000027334274af0 flushing nmethod 0x00000273457f2b90
Event: 16.571 Thread 0x0000027334274af0 flushing nmethod 0x00000273457cd390
Event: 16.571 Thread 0x0000027334274af0 flushing nmethod 0x00000273457c7290
Event: 16.571 Thread 0x0000027334274af0 flushing nmethod 0x0000027345793910
Event: 16.571 Thread 0x0000027334274af0 flushing nmethod 0x00000273457aaf10
Event: 16.571 Thread 0x0000027334274af0 flushing nmethod 0x00000273457af610
Event: 16.571 Thread 0x0000027334274af0 flushing nmethod 0x00000273457aef10
Event: 16.571 Thread 0x0000027334274af0 flushing nmethod 0x00000273457afc10
Event: 16.571 Thread 0x0000027334274af0 flushing nmethod 0x0000027345790390
Event: 16.571 Thread 0x0000027334274af0 flushing nmethod 0x000002734579da90
Event: 16.571 Thread 0x0000027334274af0 flushing nmethod 0x000002734578ed10
Event: 16.571 Thread 0x0000027334274af0 flushing nmethod 0x000002734578d090
Event: 16.571 Thread 0x0000027334274af0 flushing nmethod 0x000002734577fd90
Event: 16.571 Thread 0x0000027334274af0 flushing nmethod 0x0000027345751610
Event: 16.571 Thread 0x0000027334274af0 flushing nmethod 0x000002734574e910
Event: 16.571 Thread 0x0000027334274af0 flushing nmethod 0x000002734574fb10
Event: 16.571 Thread 0x0000027334274af0 flushing nmethod 0x000002734573e790
Event: 16.571 Thread 0x0000027334274af0 flushing nmethod 0x0000027345732b90
Event: 16.571 Thread 0x0000027334274af0 flushing nmethod 0x000002734572cb10
Event: 21.134 Thread 0x0000027396ae9430 Thread exited: 0x0000027396ae9430


Dynamic libraries:
0x00007ff675970000 - 0x00007ff67597e000 	C:\Program Files\BellSoft\LibericaJDK-21-Full\bin\java.exe
0x00007ffcedc90000 - 0x00007ffcede88000 	C:\WINDOWS\SYSTEM32\ntdll.dll
0x00007ffcec710000 - 0x00007ffcec7d1000 	C:\WINDOWS\System32\KERNEL32.DLL
0x00007ffceb490000 - 0x00007ffceb78d000 	C:\WINDOWS\System32\KERNELBASE.dll
0x00007ffceba30000 - 0x00007ffcebb30000 	C:\WINDOWS\System32\ucrtbase.dll
0x00007ffcc9830000 - 0x00007ffcc984b000 	C:\Program Files\BellSoft\LibericaJDK-21-Full\bin\VCRUNTIME140.dll
0x00007ffcc8c10000 - 0x00007ffcc8c28000 	C:\Program Files\BellSoft\LibericaJDK-21-Full\bin\jli.dll
0x00007ffced210000 - 0x00007ffced3ad000 	C:\WINDOWS\System32\USER32.dll
0x00007ffceb850000 - 0x00007ffceb872000 	C:\WINDOWS\System32\win32u.dll
0x00007ffcecb60000 - 0x00007ffcecb8b000 	C:\WINDOWS\System32\GDI32.dll
0x00007ffcebba0000 - 0x00007ffcebcb7000 	C:\WINDOWS\System32\gdi32full.dll
0x00007ffceb3f0000 - 0x00007ffceb48d000 	C:\WINDOWS\System32\msvcp_win.dll
0x00007ffcd6b00000 - 0x00007ffcd6d9a000 	C:\WINDOWS\WinSxS\amd64_microsoft.windows.common-controls_6595b64144ccf1df_6.0.19041.4355_none_60b8b9eb71f62e16\COMCTL32.dll
0x00007ffcec550000 - 0x00007ffcec5ee000 	C:\WINDOWS\System32\msvcrt.dll
0x00007ffcec8f0000 - 0x00007ffcec91f000 	C:\WINDOWS\System32\IMM32.DLL
0x00007ffcd3de0000 - 0x00007ffcd3dec000 	C:\Program Files\BellSoft\LibericaJDK-21-Full\bin\vcruntime140_1.dll
0x00007ffcbdeb0000 - 0x00007ffcbdf3e000 	C:\Program Files\BellSoft\LibericaJDK-21-Full\bin\msvcp140.dll
0x00007ffc68210000 - 0x00007ffc68fad000 	C:\Program Files\BellSoft\LibericaJDK-21-Full\bin\server\jvm.dll
0x00007ffcebdf0000 - 0x00007ffcebea0000 	C:\WINDOWS\System32\ADVAPI32.dll
0x00007ffcec840000 - 0x00007ffcec8e0000 	C:\WINDOWS\System32\sechost.dll
0x00007ffced3b0000 - 0x00007ffced4d3000 	C:\WINDOWS\System32\RPCRT4.dll
0x00007ffceb790000 - 0x00007ffceb7b7000 	C:\WINDOWS\System32\bcrypt.dll
0x00007ffceca40000 - 0x00007ffcecaab000 	C:\WINDOWS\System32\WS2_32.dll
0x00007ffceb190000 - 0x00007ffceb1db000 	C:\WINDOWS\SYSTEM32\POWRPROF.dll
0x00007ffccded0000 - 0x00007ffccdef7000 	C:\WINDOWS\SYSTEM32\WINMM.dll
0x00007ffce3c80000 - 0x00007ffce3c8a000 	C:\WINDOWS\SYSTEM32\VERSION.dll
0x00007ffceb170000 - 0x00007ffceb182000 	C:\WINDOWS\SYSTEM32\UMPDC.dll
0x00007ffce9b50000 - 0x00007ffce9b62000 	C:\WINDOWS\SYSTEM32\kernel.appcore.dll
0x00007ffcd0be0000 - 0x00007ffcd0bea000 	C:\Program Files\BellSoft\LibericaJDK-21-Full\bin\jimage.dll
0x00007ffce9870000 - 0x00007ffce9a54000 	C:\WINDOWS\SYSTEM32\DBGHELP.DLL
0x00007ffcd9060000 - 0x00007ffcd9094000 	C:\WINDOWS\SYSTEM32\dbgcore.DLL
0x00007ffceb7c0000 - 0x00007ffceb842000 	C:\WINDOWS\System32\bcryptPrimitives.dll
0x00007ffccc940000 - 0x00007ffccc94f000 	C:\Program Files\BellSoft\LibericaJDK-21-Full\bin\instrument.dll
0x00007ffcc6590000 - 0x00007ffcc65af000 	C:\Program Files\BellSoft\LibericaJDK-21-Full\bin\java.dll
0x00007ffced4e0000 - 0x00007ffcedc4f000 	C:\WINDOWS\System32\SHELL32.dll
0x00007ffce9000000 - 0x00007ffce979f000 	C:\WINDOWS\SYSTEM32\windows.storage.dll
0x00007ffcebfb0000 - 0x00007ffcec303000 	C:\WINDOWS\System32\combase.dll
0x00007ffceacf0000 - 0x00007ffcead1e000 	C:\WINDOWS\SYSTEM32\Wldp.dll
0x00007ffcebcc0000 - 0x00007ffcebd8d000 	C:\WINDOWS\System32\OLEAUT32.dll
0x00007ffcec5f0000 - 0x00007ffcec69d000 	C:\WINDOWS\System32\SHCORE.dll
0x00007ffcec6b0000 - 0x00007ffcec705000 	C:\WINDOWS\System32\shlwapi.dll
0x00007ffceb270000 - 0x00007ffceb294000 	C:\WINDOWS\SYSTEM32\profapi.dll
0x00007ffcbddd0000 - 0x00007ffcbdea7000 	C:\Program Files\BellSoft\LibericaJDK-21-Full\bin\jsvml.dll
0x00007ffcc5a60000 - 0x00007ffcc5a78000 	C:\Program Files\BellSoft\LibericaJDK-21-Full\bin\zip.dll
0x00007ffcccae0000 - 0x00007ffcccaf0000 	C:\Program Files\BellSoft\LibericaJDK-21-Full\bin\net.dll
0x00007ffce0350000 - 0x00007ffce045d000 	C:\WINDOWS\SYSTEM32\WINHTTP.dll
0x00007ffcea9f0000 - 0x00007ffceaa5a000 	C:\WINDOWS\system32\mswsock.dll
0x00007ffcc5e80000 - 0x00007ffcc5e96000 	C:\Program Files\BellSoft\LibericaJDK-21-Full\bin\nio.dll
0x00007ffcc0120000 - 0x00007ffcc013a000 	C:\Program Files\JetBrains\IntelliJ IDEA Community Edition 2024.1.1\bin\breakgen64.dll
0x00007ffcc99d0000 - 0x00007ffcc99d9000 	C:\Program Files\BellSoft\LibericaJDK-21-Full\bin\extnet.dll
0x00007ffcc9740000 - 0x00007ffcc9750000 	C:\Program Files\BellSoft\LibericaJDK-21-Full\bin\verify.dll
0x00007ffccb1b0000 - 0x00007ffccb1ba000 	C:\Program Files\BellSoft\LibericaJDK-21-Full\bin\management.dll
0x00007ffcca910000 - 0x00007ffcca91b000 	C:\Program Files\BellSoft\LibericaJDK-21-Full\bin\management_ext.dll
0x00007ffcec6a0000 - 0x00007ffcec6a8000 	C:\WINDOWS\System32\PSAPI.DLL
0x00007ffcc90a0000 - 0x00007ffcc90ae000 	C:\Program Files\BellSoft\LibericaJDK-21-Full\bin\sunmscapi.dll
0x00007ffceb880000 - 0x00007ffceb9de000 	C:\WINDOWS\System32\CRYPT32.dll
0x00007ffcead60000 - 0x00007ffcead89000 	C:\WINDOWS\SYSTEM32\ncrypt.dll
0x00007ffcead20000 - 0x00007ffcead5b000 	C:\WINDOWS\SYSTEM32\NTASN1.dll
0x00007ffceac40000 - 0x00007ffceac58000 	C:\WINDOWS\SYSTEM32\CRYPTSP.dll
0x00007ffcea310000 - 0x00007ffcea344000 	C:\WINDOWS\system32\rsaenh.dll
0x00007ffceb220000 - 0x00007ffceb24e000 	C:\WINDOWS\SYSTEM32\USERENV.dll
0x00007ffceac60000 - 0x00007ffceac6c000 	C:\WINDOWS\SYSTEM32\CRYPTBASE.dll
0x00007ffcea6d0000 - 0x00007ffcea70b000 	C:\WINDOWS\SYSTEM32\IPHLPAPI.DLL
0x00007ffcec8e0000 - 0x00007ffcec8e8000 	C:\WINDOWS\System32\NSI.dll
0x00007ffcea710000 - 0x00007ffcea7da000 	C:\WINDOWS\SYSTEM32\DNSAPI.dll
0x00007ffcdb9a0000 - 0x00007ffcdb9aa000 	C:\Windows\System32\rasadhlp.dll
0x00007ffcdba90000 - 0x00007ffcdbb10000 	C:\WINDOWS\System32\fwpuclnt.dll

dbghelp: loaded successfully - version: 4.0.5 - missing functions: none
symbol engine: initialized successfully - sym options: 0x614 - pdb path: .;C:\Program Files\BellSoft\LibericaJDK-21-Full\bin;C:\WINDOWS\SYSTEM32;C:\WINDOWS\WinSxS\amd64_microsoft.windows.common-controls_6595b64144ccf1df_6.0.19041.4355_none_60b8b9eb71f62e16;C:\Program Files\BellSoft\LibericaJDK-21-Full\bin\server;C:\Program Files\JetBrains\IntelliJ IDEA Community Edition 2024.1.1\bin

VM Arguments:
jvm_args: -javaagent:C:\Program Files\JetBrains\IntelliJ IDEA Community Edition 2024.1.1\lib\idea_rt.jar=64684:C:\Program Files\JetBrains\IntelliJ IDEA Community Edition 2024.1.1\bin -Dfile.encoding=UTF-8 -Dsun.stdout.encoding=UTF-8 -Dsun.stderr.encoding=UTF-8 
java_command: FlyingBat.org.Aeroline.AerolineApplication
java_class_path (initial): C:\Users\ch148\IdeaProjects\Aeroline\target\classes;C:\Users\ch148\.m2\repository\org\springframework\boot\spring-boot-starter-data-jpa\3.3.2\spring-boot-starter-data-jpa-3.3.2.jar;C:\Users\ch148\.m2\repository\org\springframework\boot\spring-boot-starter-aop\3.3.2\spring-boot-starter-aop-3.3.2.jar;C:\Users\ch148\.m2\repository\org\aspectj\aspectjweaver\1.9.22.1\aspectjweaver-1.9.22.1.jar;C:\Users\ch148\.m2\repository\org\springframework\boot\spring-boot-starter-jdbc\3.3.2\spring-boot-starter-jdbc-3.3.2.jar;C:\Users\ch148\.m2\repository\com\zaxxer\HikariCP\5.1.0\HikariCP-5.1.0.jar;C:\Users\ch148\.m2\repository\org\springframework\spring-jdbc\6.1.11\spring-jdbc-6.1.11.jar;C:\Users\ch148\.m2\repository\org\hibernate\orm\hibernate-core\6.5.2.Final\hibernate-core-6.5.2.Final.jar;C:\Users\ch148\.m2\repository\jakarta\persistence\jakarta.persistence-api\3.1.0\jakarta.persistence-api-3.1.0.jar;C:\Users\ch148\.m2\repository\jakarta\transaction\jakarta.transaction-api\2.0.1\jakarta.transaction-api-2.0.1.jar;C:\Users\ch148\.m2\repository\org\jboss\logging\jboss-logging\3.5.3.Final\jboss-logging-3.5.3.Final.jar;C:\Users\ch148\.m2\repository\org\hibernate\common\hibernate-commons-annotations\6.0.6.Final\hibernate-commons-annotations-6.0.6.Final.jar;C:\Users\ch148\.m2\repository\io\smallrye\jandex\3.1.2\jandex-3.1.2.jar;C:\Users\ch148\.m2\repository\com\fasterxml\classmate\1.7.0\classmate-1.7.0.jar;C:\Users\ch148\.m2\repository\net\bytebuddy\byte-buddy\1.14.18\byte-buddy-1.14.18.jar;C:\Users\ch148\.m2\repository\org\glassfish\jaxb\jaxb-runtime\4.0.5\jaxb-runtime-4.0.5.jar;C:\Users\ch148\.m2\repository\org\glassfish\jaxb\jaxb-core\4.0.5\jaxb-core-4.0.5.jar;C:\Users\ch148\.m2\repository\org\eclipse\angus\angus-activation\2.0.2\angus-activation-2.0.2.jar;C:\Users\ch148\.m2\repository\org\glassfish\jaxb\txw2\4.0.5\txw2-4.0.5.jar;C:\Users\ch148\.m2\repository\com\sun\istack\istack-commons-runtime\4.1.2\istack-commons-runtime-4.1.2.jar;C:\Users\ch148\.m2\repository\jakarta\inject\jakarta.inject-api\2.0.1\jakarta.inject-api-2.0.1.jar;C:\Users\ch148\.m2\repository\org\antlr\antlr4-runtime\4.13.0\antlr4-runtime-4.13.0.jar;C:\Users\ch148\.m2\repository\org\springframework\data\spring-data-jpa\3.3.2\spring-data-jpa-3.3.2.jar;C:\Users\ch148\.m2\repository\org\springframework\data\spring-data-commons\3.3.2\spring-data-commons-3.3.2.jar;C:\Users\ch148\.m2\repository\org\springframework\spring-orm\6.1.11\spring-orm-6.1.11.jar;C:\Users\ch148\.m2\repository\org\springframework\spring-context\6.1.11\spring-context-6.1.11.jar;C:\Users\ch148\.m2\repository\org\springframework\spring-tx\6.1.11\spring-tx-6.1.11.jar;C:\Users\ch148\.m2\repository\org\springframework\spring-beans\6.1.11\spring-beans-6.1.11.jar;C:\Users\ch148\.m2\repository\jakarta\annotation\jakarta.annotation-api\2.1.1\jakarta.annotation-api-2.1.1.jar;C:\Users\ch148\.m2\repository\org\springframework\spring-aspects\6.1.11\spring-aspects-6.1.11.jar;C:\Users\ch148\.m2\repository\org\springframework\boot\spring-boot-starter-thymeleaf\3.3.2\spring-boot-starter-thymeleaf-3.3.2.jar;C:\Users\ch148\.m2\repository\org\springframework\boot\spring-boot-starter\3.3.2\spring-boot-starter-3.3.2.jar;C:\Users\ch148\.m2\repository\org\springframework\boot\spring-boot-starter-logging\3.3.2\spring-boot-starter-logging-3.3.2.jar;C:\Users\ch148\.m2\repository\ch\qos\logback\logback-classic\1.5.6\logback-classic-1.5.6.jar;C:\Users\ch148\.m2\repository\ch\qos\logback\logback-core\1.5.6\logback-core-1.5.6.jar;C:\Users\ch148\.m2\repository\org\apache\logging\log4j\log4j-to-slf4j\2.23.1\log4j-to-slf4j-2.23.1.jar;C:\Users\ch148\.m2\repository\org\apache\logging\log4j\log4j-api\2.23.1\log4j-api-2.23.1.jar;C:\Users\ch148\.m2\repository\org\slf4j\jul-to-slf4j\2.0.13\jul-to-slf4j-2.0.13.jar;C:\Users\ch148\.m2\repository\org\yaml\snakeyaml\2.2\snakeyaml-2.2.jar;C:\Users\ch148\.m2\repository\org\thymeleaf\thymeleaf-spring6\3.1.2.RELEASE\thymeleaf-spring6-3.1.2.RELEASE.jar;C:\Users\ch148\.m2\repository\com\github\librepdf\openpdf\1.3.30\openpdf-1.3.30.jar;C:\Users\ch148\.m2\repository\com\google\code\findbugs\jsr305\3.0.2\jsr305-3.0.2.jar;C:\Users\ch148\.m2\repository\com\itextpdf\itextpdf\5.5.13.2\itextpdf-5.5.13.2.jar;C:\Users\ch148\.m2\repository\org\apache\pdfbox\pdfbox\3.0.0\pdfbox-3.0.0.jar;C:\Users\ch148\.m2\repository\org\apache\pdfbox\pdfbox-io\3.0.0\pdfbox-io-3.0.0.jar;C:\Users\ch148\.m2\repository\org\apache\pdfbox\fontbox\3.0.0\fontbox-3.0.0.jar;C:\Users\ch148\.m2\repository\commons-logging\commons-logging\1.2\commons-logging-1.2.jar;C:\Users\ch148\.m2\repository\org\bouncycastle\bcpkix-jdk18on\1.76\bcpkix-jdk18on-1.76.jar;C:\Users\ch148\.m2\repository\org\bouncycastle\bcprov-jdk18on\1.76\bcprov-jdk18on-1.76.jar;C:\Users\ch148\.m2\repository\org\bouncycastle\bcutil-jdk18on\1.76\bcutil-jdk18on-1.76.jar;C:\Users\ch148\.m2\repository\org\springframework\boot\spring-boot-starter-web\3.3.2\spring-boot-starter-web-3.3.2.jar;C:\Users\ch148\.m2\repository\org\springframework\boot\spring-boot-starter-json\3.3.2\spring-boot-starter-json-3.3.2.jar;C:\Users\ch148\.m2\repository\com\fasterxml\jackson\core\jackson-databind\2.17.2\jackson-databind-2.17.2.jar;C:\Users\ch148\.m2\repository\com\fasterxml\jackson\core\jackson-annotations\2.17.2\jackson-annotations-2.17.2.jar;C:\Users\ch148\.m2\repository\com\fasterxml\jackson\core\jackson-core\2.17.2\jackson-core-2.17.2.jar;C:\Users\ch148\.m2\repository\com\fasterxml\jackson\datatype\jackson-datatype-jdk8\2.17.2\jackson-datatype-jdk8-2.17.2.jar;C:\Users\ch148\.m2\repository\com\fasterxml\jackson\datatype\jackson-datatype-jsr310\2.17.2\jackson-datatype-jsr310-2.17.2.jar;C:\Users\ch148\.m2\repository\com\fasterxml\jackson\module\jackson-module-parameter-names\2.17.2\jackson-module-parameter-names-2.17.2.jar;C:\Users\ch148\.m2\repository\org\springframework\boot\spring-boot-starter-tomcat\3.3.2\spring-boot-starter-tomcat-3.3.2.jar;C:\Users\ch148\.m2\repository\org\apache\tomcat\embed\tomcat-embed-core\10.1.26\tomcat-embed-core-10.1.26.jar;C:\Users\ch148\.m2\repository\org\apache\tomcat\embed\tomcat-embed-websocket\10.1.26\tomcat-embed-websocket-10.1.26.jar;C:\Users\ch148\.m2\repository\org\springframework\spring-web\6.1.11\spring-web-6.1.11.jar;C:\Users\ch148\.m2\repository\io\micrometer\micrometer-observation\1.13.2\micrometer-observation-1.13.2.jar;C:\Users\ch148\.m2\repository\io\micrometer\micrometer-commons\1.13.2\micrometer-commons-1.13.2.jar;C:\Users\ch148\.m2\repository\org\springframework\spring-webmvc\6.1.11\spring-webmvc-6.1.11.jar;C:\Users\ch148\.m2\repository\org\springframework\spring-expression\6.1.11\spring-expression-6.1.11.jar;C:\Users\ch148\.m2\repository\org\springframework\boot\spring-boot-devtools\3.3.2\spring-boot-devtools-3.3.2.jar;C:\Users\ch148\.m2\repository\org\springframework\boot\spring-boot\3.3.2\spring-boot-3.3.2.jar;C:\Users\ch148\.m2\repository\org\springframework\boot\spring-boot-autoconfigure\3.3.2\spring-boot-autoconfigure-3.3.2.jar;C:\Users\ch148\.m2\repository\com\mysql\mysql-connector-j\8.3.0\mysql-connector-j-8.3.0.jar;C:\Users\ch148\.m2\repository\jakarta\xml\bind\jakarta.xml.bind-api\4.0.2\jakarta.xml.bind-api-4.0.2.jar;C:\Users\ch148\.m2\repository\jakarta\activation\jakarta.activation-api\2.1.3\jakarta.activation-api-2.1.3.jar;C:\Users\ch148\.m2\repository\org\springframework\spring-core\6.1.11\spring-core-6.1.11.jar;C:\Users\ch148\.m2\repository\org\springframework\spring-jcl\6.1.11\spring-jcl-6.1.11.jar;C:\Users\ch148\.m2\repository\nz\net\ultraq\thymeleaf\thymeleaf-layout-dialect\3.3.0\thymeleaf-layout-dialect-3.3.0.jar;C:\Users\ch148\.m2\repository\org\apache\groovy\groovy\4.0.22\groovy-4.0.22.jar;C:\Users\ch148\.m2\repository\nz\net\ultraq\groovy\groovy-extensions\2.1.0\groovy-extensions-2.1.0.jar;C:\Users\ch148\.m2\repository\nz\net\ultraq\thymeleaf\thymeleaf-expression-processor\3.2.0\thymeleaf-expression-processor-3.2.0.jar;C:\Users\ch148\.m2\repository\org\thymeleaf\thymeleaf\3.1.2.RELEASE\thymeleaf-3.1.2.RELEASE.jar;C:\Users\ch148\.m2\repository\ognl\ognl\3.3.4\ognl-3.3.4.jar;C:\Users\ch148\.m2\repository\org\javassist\javassist\3.29.0-GA\javassist-3.29.0-GA.jar;C:\Users\ch148\.m2\repository\org\attoparser\attoparser\2.0.7.RELEASE\attoparser-2.0.7.RELEASE.jar;C:\Users\ch148\.m2\repository\org\unbescape\unbescape\1.1.6.RELEASE\unbescape-1.1.6.RELEASE.jar;C:\Users\ch148\.m2\repository\org\slf4j\slf4j-api\2.0.13\slf4j-api-2.0.13.jar;C:\Users\ch148\.m2\repository\org\springframework\boot\spring-boot-starter-validation\3.3.1\spring-boot-starter-validation-3.3.1.jar;C:\Users\ch148\.m2\repository\org\apache\tomcat\embed\tomcat-embed-el\10.1.26\tomcat-embed-el-10.1.26.jar;C:\Users\ch148\.m2\repository\org\hibernate\validator\hibernate-validator\8.0.1.Final\hibernate-validator-8.0.1.Final.jar;C:\Users\ch148\.m2\repository\jakarta\validation\jakarta.validation-api\3.0.2\jakarta.validation-api-3.0.2.jar;C:\Users\ch148\.m2\repository\org\springframework\boot\spring-boot-starter-security\3.3.2\spring-boot-starter-security-3.3.2.jar;C:\Users\ch148\.m2\repository\org\springframework\spring-aop\6.1.11\spring-aop-6.1.11.jar;C:\Users\ch148\.m2\repository\org\springframework\security\spring-security-config\6.3.1\spring-security-config-6.3.1.jar;C:\Users\ch148\.m2\repository\org\springframework\security\spring-security-core\6.3.1\spring-security-core-6.3.1.jar;C:\Users\ch148\.m2\repository\org\springframework\security\spring-security-crypto\6.3.1\spring-security-crypto-6.3.1.jar;C:\Users\ch148\.m2\repository\org\springframework\security\spring-security-web\6.3.1\spring-security-web-6.3.1.jar;C:\Users\ch148\.m2\repository\org\thymeleaf\extras\thymeleaf-extras-springsecurity6\3.1.2.RELEASE\thymeleaf-extras-springsecurity6-3.1.2.RELEASE.jar;C:\Users\ch148\.m2\repository\org\projectlombok\lombok\1.18.34\lombok-1.18.34.jar
Launcher Type: SUN_STANDARD

[Global flags]
     intx CICompilerCount                          = 3                                         {product} {ergonomic}
     uint ConcGCThreads                            = 1                                         {product} {ergonomic}
     uint G1ConcRefinementThreads                  = 4                                         {product} {ergonomic}
   size_t G1HeapRegionSize                         = 1048576                                   {product} {ergonomic}
    uintx GCDrainStackTargetSize                   = 64                                        {product} {ergonomic}
   size_t InitialHeapSize                          = 65011712                                  {product} {ergonomic}
   size_t MarkStackSize                            = 4194304                                   {product} {ergonomic}
   size_t MaxHeapSize                              = 1027604480                                {product} {ergonomic}
   size_t MaxNewSize                               = 616562688                                 {product} {ergonomic}
   size_t MinHeapDeltaBytes                        = 1048576                                   {product} {ergonomic}
   size_t MinHeapSize                              = 8388608                                   {product} {ergonomic}
    uintx NonNMethodCodeHeapSize                   = 5832780                                {pd product} {ergonomic}
    uintx NonProfiledCodeHeapSize                  = 122912730                              {pd product} {ergonomic}
    uintx ProfiledCodeHeapSize                     = 122912730                              {pd product} {ergonomic}
    uintx ReservedCodeCacheSize                    = 251658240                              {pd product} {ergonomic}
     bool SegmentedCodeCache                       = true                                      {product} {ergonomic}
   size_t SoftMaxHeapSize                          = 1027604480                             {manageable} {ergonomic}
     bool UseCompressedOops                        = true                           {product lp64_product} {ergonomic}
     bool UseG1GC                                  = true                                      {product} {ergonomic}
     bool UseLargePagesIndividualAllocation        = false                                  {pd product} {ergonomic}

Logging:
Log output configuration:
 #0: stdout all=warning uptime,level,tags foldmultilines=false
 #1: stderr all=off uptime,level,tags foldmultilines=false

Environment Variables:
JAVA_HOME=C:\Program Files\BellSoft\LibericaJDK-21-Full\
PATH=C:\Program Files\BellSoft\LibericaJDK-21-Full\bin\;C:\Program Files\Microsoft MPI\Bin\;C:\WINDOWS\system32;C:\WINDOWS;C:\WINDOWS\System32\Wbem;C:\WINDOWS\System32\WindowsPowerShell\v1.0\;C:\WINDOWS\System32\OpenSSH\;C:\Program Files\Microsoft SQL Server\150\Tools\Binn\;C:\Program Files\Microsoft SQL Server\Client SDK\ODBC\170\Tools\Binn\;C:\Program Files\dotnet\;C:\Program Files (x86)\Microsoft SQL Server\160\Tools\Binn\;C:\Program Files\Microsoft SQL Server\160\Tools\Binn\;C:\Program Files\Microsoft SQL Server\160\DTS\Binn\;C:\Program Files (x86)\Microsoft SQL Server\160\DTS\Binn\;C:\Program Files\Azure Data Studio\bin;C:\xampp\php;C:\Program Files\Git\cmd;%NVM_HOME%;C:\Program Files\nodejs;%NVM_HOME%;C:\Program Files\nodejs;C:\Users\ch148\AppData\Local\Programs\Python\Python312\Scripts\;C:\Users\ch148\AppData\Local\Programs\Python\Python312\;C:\Users\ch148\AppData\Local\Programs\Python\Launcher\;C:\Users\ch148\AppData\Local\Microsoft\WindowsApps;C:\Users\ch148\.dotnet\tools;C:\Program Files\Azure Data Studio\bin;C:\Users\ch148\AppData\Roaming\npm;C:\Users\ch148\AppData\Local\Programs\Microsoft VS Code\bin;%NVM_HOME%;C:\Program Files\nodejs
USERNAME=ch148
OS=Windows_NT
PROCESSOR_IDENTIFIER=Intel64 Family 6 Model 122 Stepping 8, GenuineIntel
TMP=C:\Users\ch148\AppData\Local\Temp
TEMP=C:\Users\ch148\AppData\Local\Temp




Periodic native trim disabled

---------------  S Y S T E M  ---------------

OS:
 Windows 10 , 64 bit Build 19041 (10.0.19041.4717)
OS uptime: 1 days 9:21 hours

CPU: total 4 (initial active 4) (4 cores per cpu, 1 threads per core) family 6 model 122 stepping 8 microcode 0x16, cx8, cmov, fxsr, mmx, 3dnowpref, sse, sse2, sse3, ssse3, sse4.1, sse4.2, popcnt, tsc, tscinvbit, aes, erms, clmul, sha, clflush, clflushopt, rdtscp, rdpid
Processor Information for all 4 processors :
  Max Mhz: 1101, Current Mhz: 1101, Mhz Limit: 1101

Memory: 4k page, system-wide physical 3917M (327M free)
TotalPageFile size 10057M (AvailPageFile size 4M)
current process WorkingSet (physical memory assigned to process): 247M, peak: 249M
current process commit charge ("private bytes"): 286M, peak: 288M

vm_info: OpenJDK 64-Bit Server VM (21.0.3+10-LTS) for windows-amd64 JRE (21.0.3+10-LTS), built on 2024-04-10T11:00:31Z by "hudson" with MS VC++ 17.1 (VS2022)

END.
