#
# There is insufficient memory for the Java Runtime Environment to continue.
# Native memory allocation (mmap) failed to map 65536 bytes. Error detail: Failed to commit metaspace.
# Possible reasons:
#   The system is out of physical RAM or swap space
#   This process is running with CompressedOops enabled, and the Java Heap may be blocking the growth of the native heap
# Possible solutions:
#   Reduce memory load on the system
#   Increase physical memory or swap space
#   Check if swap backing store is full
#   Decrease Java heap size (-Xmx/-Xms)
#   Decrease number of Java threads
#   Decrease Java thread stack sizes (-Xss)
#   Set larger code cache with -XX:ReservedCodeCacheSize=
#   JVM is running with Unscaled Compressed Oops mode in which the Java heap is
#     placed in the first 4GB address space. The Java Heap base address is the
#     maximum limit for the native heap growth. Please use -XX:HeapBaseMinAddress
#     to set the Java Heap base and to place the Java Heap above 4GB virtual address.
# This output file may be truncated or incomplete.
#
#  Out of Memory Error (virtualSpaceNode.cpp:112), pid=7544, tid=15164
#
# JRE version: OpenJDK Runtime Environment (21.0.3+10) (build 21.0.3+10-LTS)
# Java VM: OpenJDK 64-Bit Server VM (21.0.3+10-LTS, mixed mode, sharing, tiered, compressed oops, compressed class ptrs, g1 gc, windows-amd64)
# No core dump will be written. Minidumps are not enabled by default on client versions of Windows
#

---------------  S U M M A R Y ------------

Command Line: -javaagent:C:\Program Files\JetBrains\IntelliJ IDEA Community Edition 2024.1.1\lib\idea_rt.jar=55453:C:\Program Files\JetBrains\IntelliJ IDEA Community Edition 2024.1.1\bin -Dfile.encoding=UTF-8 -Dsun.stdout.encoding=UTF-8 -Dsun.stderr.encoding=UTF-8 FlyingBat.org.Aeroline.AerolineApplication

Host: Intel(R) Celeron(R) N4120 CPU @ 1.10GHz, 4 cores, 3G,  Windows 10 , 64 bit Build 19041 (10.0.19041.4717)
Time: Tue Aug 27 23:19:17 2024 Hora estándar, América Central elapsed time: 1.628876 seconds (0d 0h 0m 1s)

---------------  T H R E A D  ---------------

Current thread (0x0000023ac7c5a520):  JavaThread "main"             [_thread_in_vm, id=15164, stack(0x000000c819f00000,0x000000c81a000000) (1024K)]

Stack: [0x000000c819f00000,0x000000c81a000000]
Native frames: (J=compiled Java code, j=interpreted, Vv=VM code, C=native code)
V  [jvm.dll+0x6cfc19]
V  [jvm.dll+0x8aa631]
V  [jvm.dll+0x8ac99e]
V  [jvm.dll+0x8ad083]
V  [jvm.dll+0x282cc6]
V  [jvm.dll+0x8a632e]
V  [jvm.dll+0x672155]
V  [jvm.dll+0x6721ba]
V  [jvm.dll+0x6749e6]
V  [jvm.dll+0x6748b2]
V  [jvm.dll+0x672b2e]
V  [jvm.dll+0x683b09]
V  [jvm.dll+0x67cf6e]
V  [jvm.dll+0x3d7461]
C  0x0000023ad8c2bbad

The last pc belongs to method entry point (kind = zerolocals) (printed below).
Java frames: (J=compiled Java code, j=interpreted, Vv=VM code)
j  java.time.temporal.ChronoField.$values()[Ljava/time/temporal/ChronoField;+0 java.base@21.0.3
j  java.time.temporal.ChronoField.<clinit>()V+963 java.base@21.0.3
v  ~StubRoutines::call_stub 0x0000023ad8c21015
j  java.time.LocalDate.of(III)Ljava/time/LocalDate;+0 java.base@21.0.3
j  java.time.LocalDate.<clinit>()V+5 java.base@21.0.3
v  ~StubRoutines::call_stub 0x0000023ad8c21015
j  java.time.LocalDateTime.<clinit>()V+0 java.base@21.0.3
v  ~StubRoutines::call_stub 0x0000023ad8c21015
j  java.time.zone.ZoneOffsetTransition.<init>(JLjava/time/ZoneOffset;Ljava/time/ZoneOffset;)V+13 java.base@21.0.3
j  java.time.zone.ZoneRules.<init>([J[Ljava/time/ZoneOffset;[J[Ljava/time/ZoneOffset;[Ljava/time/zone/ZoneOffsetTransitionRule;)V+114 java.base@21.0.3
j  java.time.zone.ZoneRules.readExternal(Ljava/io/DataInput;)Ljava/time/zone/ZoneRules;+272 java.base@21.0.3
j  java.time.zone.Ser.readInternal(BLjava/io/DataInput;)Ljava/io/Serializable;+29 java.base@21.0.3
j  java.time.zone.Ser.read(Ljava/io/DataInput;)Ljava/io/Serializable;+9 java.base@21.0.3
j  java.time.zone.TzdbZoneRulesProvider.provideRules(Ljava/lang/String;Z)Ljava/time/zone/ZoneRules;+75 java.base@21.0.3
j  java.time.zone.ZoneRulesProvider.getRules(Ljava/lang/String;Z)Ljava/time/zone/ZoneRules;+13 java.base@21.0.3
j  java.time.ZoneRegion.ofId(Ljava/lang/String;Z)Ljava/time/ZoneRegion;+15 java.base@21.0.3
j  java.time.ZoneId.of(Ljava/lang/String;Z)Ljava/time/ZoneId;+81 java.base@21.0.3
j  java.time.ZoneId.of(Ljava/lang/String;)Ljava/time/ZoneId;+2 java.base@21.0.3
j  java.time.ZoneId.of(Ljava/lang/String;Ljava/util/Map;)Ljava/time/ZoneId;+33 java.base@21.0.3
j  java.util.TimeZone.toZoneId0()Ljava/time/ZoneId;+97 java.base@21.0.3
j  java.util.TimeZone.toZoneId()Ljava/time/ZoneId;+11 java.base@21.0.3
j  java.util.TimeZone.toZoneId0()Ljava/time/ZoneId;+30 java.base@21.0.3
j  java.util.TimeZone.toZoneId()Ljava/time/ZoneId;+11 java.base@21.0.3
j  java.time.ZoneId.systemDefault()Ljava/time/ZoneId;+3 java.base@21.0.3
j  ch.qos.logback.core.util.CachingDateFormatter.<init>(Ljava/lang/String;Ljava/time/ZoneId;Ljava/util/Locale;)V+9
j  ch.qos.logback.core.util.CachingDateFormatter.<init>(Ljava/lang/String;Ljava/time/ZoneId;)V+4
j  ch.qos.logback.core.util.CachingDateFormatter.<init>(Ljava/lang/String;)V+3
j  ch.qos.logback.classic.layout.TTLLLayout.<init>()V+11
j  ch.qos.logback.classic.BasicConfigurator.configure(Lch/qos/logback/classic/LoggerContext;)Lch/qos/logback/classic/spi/Configurator$ExecutionStatus;+48
j  ch.qos.logback.classic.util.ContextInitializer.invokeConfigure(Lch/qos/logback/classic/spi/Configurator;)Lch/qos/logback/classic/spi/Configurator$ExecutionStatus;+42
j  ch.qos.logback.classic.util.ContextInitializer.autoConfig(Ljava/lang/ClassLoader;)V+207
j  ch.qos.logback.classic.util.ContextInitializer.autoConfig()V+6
j  ch.qos.logback.classic.spi.LogbackServiceProvider.initializeLoggerContext()V+11
j  ch.qos.logback.classic.spi.LogbackServiceProvider.initialize()V+21
j  org.slf4j.LoggerFactory.bind()V+37
j  org.slf4j.LoggerFactory.performInitialization()V+0
j  org.slf4j.LoggerFactory.getProvider()Lorg/slf4j/spi/SLF4JServiceProvider;+21
j  org.slf4j.LoggerFactory.getILoggerFactory()Lorg/slf4j/ILoggerFactory;+0
j  org.slf4j.LoggerFactory.getLogger(Ljava/lang/String;)Lorg/slf4j/Logger;+0
j  org.apache.commons.logging.LogAdapter$Slf4jAdapter.createLocationAwareLog(Ljava/lang/String;)Lorg/apache/commons/logging/Log;+1
j  org.apache.commons.logging.LogAdapter$$Lambda+0x0000023a8100edd8.apply(Ljava/lang/Object;)Ljava/lang/Object;+4
j  org.apache.commons.logging.LogAdapter.createLog(Ljava/lang/String;)Lorg/apache/commons/logging/Log;+4
j  org.apache.commons.logging.LogFactoryService.getInstance(Ljava/lang/String;)Lorg/apache/commons/logging/Log;+1
j  org.apache.commons.logging.LogFactoryService.getInstance(Ljava/lang/Class;)Lorg/apache/commons/logging/Log;+5
j  org.apache.commons.logging.LogFactory.getLog(Ljava/lang/Class;)Lorg/apache/commons/logging/Log;+4
j  org.springframework.boot.SpringApplication.<clinit>()V+2
v  ~StubRoutines::call_stub 0x0000023ad8c21015
j  FlyingBat.org.Aeroline.AerolineApplication.main([Ljava/lang/String;)V+3
v  ~StubRoutines::call_stub 0x0000023ad8c21015
method entry point (kind = zerolocals)  [0x0000023ad8c2b9c0, 0x0000023ad8c2bd80]  960 bytes
[MachCode]
  0x0000023ad8c2b9c0: 488b 5308 | 0fb7 4a2e | 0fb7 522c | 2bd1 81fa | f501 0000 | 0f86 2500 | 0000 488b | c248 c1e0 
  0x0000023ad8c2b9e0: 0348 83c0 | 5849 0387 | d004 0000 | 483b e00f | 870a 0000 | 0058 498b | e550 e981 | acff ff58 
  0x0000023ad8c2ba00: 4c8d 74cc | f885 d20f | 8e09 0000 | 0068 0000 | 0000 ffca | 7ff7 5055 | 488b ec41 | 5568 0000 
  0x0000023ad8c2ba20: 0000 4c8b | 6b08 4d8d | 6d38 5348 | 8b53 0848 | 8b52 0848 | 8b52 1848 | 8b52 7048 | 8b12 5248 
  0x0000023ad8c2ba40: 8b53 1048 | 85d2 0f84 | 0700 0000 | 4881 c208 | 0100 0052 | 488b 5308 | 488b 5208 | 488b 5210 
  0x0000023ad8c2ba60: 5249 8bc6 | 482b c548 | c1e8 0350 | 4155 6800 | 0000 0048 | 8924 2441 | c687 7904 | 0000 0148 
  0x0000023ad8c2ba80: 8b45 d848 | 85c0 0f84 | 9100 0000 | 8b48 fc85 | c90f 8886 | 0000 0048 | 03c1 488b | 4808 4883 
  0x0000023ad8c2baa0: e902 488b | 54c8 1048 | f7da 498b | 14d6 4885 | d275 10f6 | 44c8 1801 | 755d f048 | 834c c818 
  0x0000023ad8c2bac0: 01eb 548b | 5208 49ba | 0000 0080 | 3a02 0000 | 4903 d24c | 8bd2 4833 | 54c8 1848 | f7c2 fcff 
  0x0000023ad8c2bae0: ffff 7433 | f6c2 0275 | 2e48 837c | c818 0074 | 2148 837c | c818 0174 | 1949 8bd2 | 4833 54c8 
  0x0000023ad8c2bb00: 1848 f7c2 | fcff ffff | 740d 4883 | 4cc8 1802 | eb05 4889 | 54c8 1848 | 83e9 0279 | 8548 8b43 
  0x0000023ad8c2bb20: 1048 85c0 | 7420 8b88 | cc00 0000 | 83c1 0289 | 88cc 0000 | 0023 88e0 | 0000 000f | 8490 0100 
  0x0000023ad8c2bb40: 00e9 c900 | 0000 488b | 4318 4885 | c00f 85aa | 0000 00e8 | 0500 0000 | e993 0000 | 0048 8bd3 
  0x0000023ad8c2bb60: 488d 4424 | 084c 896d | c049 8bcf | 4989 afa8 | 0300 0049 | 8987 9803 | 0000 4883 | ec20 40f6 
  0x0000023ad8c2bb80: c40f 0f84 | 1900 0000 | 4883 ec08 | 48b8 4074 | 6491 fc7f | 0000 ffd0 | 4883 c408 | e90c 0000 
  0x0000023ad8c2bba0: 0048 b840 | 7464 91fc | 7f00 00ff | d048 83c4 | 2049 c787 | 9803 0000 | 0000 0000 | 49c7 87a8 
  0x0000023ad8c2bbc0: 0300 0000 | 0000 0049 | c787 a003 | 0000 0000 | 0000 4983 | 7f08 000f | 8405 0000 | 00e9 1e53 
  0x0000023ad8c2bbe0: ffff 4c8b | 6dc0 4c8b | 75c8 4e8d | 74f5 00c3 | 488b 4318 | 4885 c00f | 8412 0000 | 008b 4808 
  0x0000023ad8c2bc00: 83c1 0289 | 4808 2348 | 1c0f 84c2 | 0000 0049 | 3ba7 e804 | 0000 0f87 | 4800 0000 | 8984 2400 
  0x0000023ad8c2bc20: f0ff ff89 | 8424 00e0 | ffff 8984 | 2400 d0ff | ff89 8424 | 00c0 ffff | 8984 2400 | b0ff ff89 
  0x0000023ad8c2bc40: 8424 00a0 | ffff 8984 | 2400 90ff | ff89 8424 | 0080 ffff | 493b a7e0 | 0400 0076 | 0749 89a7 
  0x0000023ad8c2bc60: e804 0000 | 41c6 8779 | 0400 0000 | 49ba af3a | f191 fc7f | 0000 4180 | 3a00 0f84 | 3e00 0000 
  0x0000023ad8c2bc80: 488b 55e8 | 498b cf48 | 83ec 2040 | f6c4 0f0f | 8419 0000 | 0048 83ec | 0848 b860 | 639a 91fc 
  0x0000023ad8c2bca0: 7f00 00ff | d048 83c4 | 08e9 0c00 | 0000 48b8 | 6063 9a91 | fc7f 0000 | ffd0 4883 | c420 410f 
  0x0000023ad8c2bcc0: b65d 0049 | bab0 03f4 | 91fc 7f00 | 0041 ff24 | daba 0000 | 0000 e805 | 0000 00e9 | 9000 0000 
  0x0000023ad8c2bce0: 488d 4424 | 084c 896d | c049 8bcf | 4989 afa8 | 0300 0049 | 8987 9803 | 0000 4883 | ec20 40f6 
  0x0000023ad8c2bd00: c40f 0f84 | 1900 0000 | 4883 ec08 | 48b8 c07e | 6491 fc7f | 0000 ffd0 | 4883 c408 | e90c 0000 
  0x0000023ad8c2bd20: 0048 b8c0 | 7e64 91fc | 7f00 00ff | d048 83c4 | 2049 c787 | 9803 0000 | 0000 0000 | 49c7 87a8 
  0x0000023ad8c2bd40: 0300 0000 | 0000 0049 | c787 a003 | 0000 0000 | 0000 4983 | 7f08 000f | 8405 0000 | 00e9 9e51 
  0x0000023ad8c2bd60: ffff 4c8b | 6dc0 4c8b | 75c8 4e8d | 74f5 00c3 | 488b 5de8 | e996 feff | ff0f 1f80 | 0000 0000 
[/MachCode]

---------------  P R O C E S S  ---------------

Threads class SMR info:
_java_thread_list=0x0000023ae87e0d10, length=12, elements={
0x0000023ac7c5a520, 0x0000023ae3e830f0, 0x0000023ae3e841c0, 0x0000023ae3e89270,
0x0000023ae3e8aff0, 0x0000023ae3e8c1f0, 0x0000023ae3e8ce00, 0x0000023ae3e93840,
0x0000023ae3e94f90, 0x0000023ae3e6bc50, 0x0000023ae85198a0, 0x0000023ae8548bc0
}

Java Threads: ( => current thread )
=>0x0000023ac7c5a520 JavaThread "main"                              [_thread_in_vm, id=15164, stack(0x000000c819f00000,0x000000c81a000000) (1024K)]
  0x0000023ae3e830f0 JavaThread "Reference Handler"          daemon [_thread_blocked, id=5316, stack(0x000000c81a700000,0x000000c81a800000) (1024K)]
  0x0000023ae3e841c0 JavaThread "Finalizer"                  daemon [_thread_blocked, id=6584, stack(0x000000c81a800000,0x000000c81a900000) (1024K)]
  0x0000023ae3e89270 JavaThread "Signal Dispatcher"          daemon [_thread_blocked, id=14872, stack(0x000000c81a900000,0x000000c81aa00000) (1024K)]
  0x0000023ae3e8aff0 JavaThread "Attach Listener"            daemon [_thread_in_vm, id=12488, stack(0x000000c81aa00000,0x000000c81ab00000) (1024K)]
  0x0000023ae3e8c1f0 JavaThread "Service Thread"             daemon [_thread_blocked, id=13572, stack(0x000000c81ab00000,0x000000c81ac00000) (1024K)]
  0x0000023ae3e8ce00 JavaThread "Monitor Deflation Thread"   daemon [_thread_blocked, id=16520, stack(0x000000c81ac00000,0x000000c81ad00000) (1024K)]
  0x0000023ae3e93840 JavaThread "C2 CompilerThread0"         daemon [_thread_in_native, id=16156, stack(0x000000c81ad00000,0x000000c81ae00000) (1024K)]
  0x0000023ae3e94f90 JavaThread "C1 CompilerThread0"         daemon [_thread_in_vm, id=12540, stack(0x000000c81ae00000,0x000000c81af00000) (1024K)]
  0x0000023ae3e6bc50 JavaThread "Common-Cleaner"             daemon [_thread_blocked, id=7568, stack(0x000000c81af00000,0x000000c81b000000) (1024K)]
  0x0000023ae85198a0 JavaThread "Monitor Ctrl-Break"         daemon [_thread_in_native, id=12196, stack(0x000000c81b000000,0x000000c81b100000) (1024K)]
  0x0000023ae8548bc0 JavaThread "Notification Thread"        daemon [_thread_blocked, id=17048, stack(0x000000c81b100000,0x000000c81b200000) (1024K)]
Total: 12

Other Threads:
  0x0000023ac7d15e90 VMThread "VM Thread"                           [id=17732, stack(0x000000c81a600000,0x000000c81a700000) (1024K)]
  0x0000023ac7cffbc0 WatcherThread "VM Periodic Task Thread"        [id=9956, stack(0x000000c81a500000,0x000000c81a600000) (1024K)]
  0x0000023ac7c93d30 WorkerThread "GC Thread#0"                     [id=4320, stack(0x000000c81a000000,0x000000c81a100000) (1024K)]
  0x0000023ae8880040 WorkerThread "GC Thread#1"                     [id=504, stack(0x000000c81b200000,0x000000c81b300000) (1024K)]
  0x0000023ae89a67c0 WorkerThread "GC Thread#2"                     [id=15132, stack(0x000000c81b300000,0x000000c81b400000) (1024K)]
  0x0000023ae89b7af0 WorkerThread "GC Thread#3"                     [id=7500, stack(0x000000c81b400000,0x000000c81b500000) (1024K)]
  0x0000023ac7c9c6a0 ConcurrentGCThread "G1 Main Marker"            [id=2628, stack(0x000000c81a100000,0x000000c81a200000) (1024K)]
  0x0000023ac7c9d0b0 WorkerThread "G1 Conc#0"                       [id=9720, stack(0x000000c81a200000,0x000000c81a300000) (1024K)]
  0x0000023ac7cf02e0 ConcurrentGCThread "G1 Refine#0"               [id=13424, stack(0x000000c81a300000,0x000000c81a400000) (1024K)]
  0x0000023ac7cf0d60 ConcurrentGCThread "G1 Service"                [id=1368, stack(0x000000c81a400000,0x000000c81a500000) (1024K)]
Total: 10

Threads with active compile tasks:
C2 CompilerThread0     1680  808       4       java.io.DataInputStream::readFully (59 bytes)
C1 CompilerThread0     1680  825       3       java.util.regex.Matcher::checkMatch (19 bytes)
Total: 2

VM state: not at safepoint (normal execution)

VM Mutex/Monitor currently owned by a thread:  ([mutex/lock_event])
[0x00007ffc91f2a0f8] Metaspace_lock - owner thread: 0x0000023ac7c5a520

Heap address: 0x00000000c2c00000, size: 980 MB, Compressed Oops mode: 32-bit

CDS archive(s) mapped at: [0x0000023a80000000-0x0000023a80c90000-0x0000023a80c90000), size 13172736, SharedBaseAddress: 0x0000023a80000000, ArchiveRelocationMode: 1.
Compressed class space mapped at: 0x0000023a81000000-0x0000023ac1000000, reserved size: 1073741824
Narrow klass base: 0x0000023a80000000, Narrow klass shift: 0, Narrow klass range: 0x100000000

GC Precious Log:
 CardTable entry size: 512
 Card Set container configuration: InlinePtr #cards 5 size 8 Array Of Cards #cards 12 size 40 Howl #buckets 4 coarsen threshold 1843 Howl Bitmap #cards 512 size 80 coarsen threshold 460 Card regions per heap region 1 cards per card region 2048
 CPUs: 4 total, 4 available
 Memory: 3917M
 Large Page Support: Disabled
 NUMA Support: Disabled
 Compressed Oops: Enabled (32-bit)
 Heap Region Size: 1M
 Heap Min Capacity: 8M
 Heap Initial Capacity: 62M
 Heap Max Capacity: 980M
 Pre-touch: Disabled
 Parallel Workers: 4
 Concurrent Workers: 1
 Concurrent Refinement Workers: 4
 Periodic GC: Disabled

Heap:
 garbage-first heap   total 63488K, used 9216K [0x00000000c2c00000, 0x0000000100000000)
  region size 1024K, 4 young (4096K), 2 survivors (2048K)
 Metaspace       used 2862K, committed 3072K, reserved 1114112K
  class space    used 258K, committed 384K, reserved 1048576K

Heap Regions: E=young(eden), S=young(survivor), O=old, HS=humongous(starts), HC=humongous(continues), CS=collection set, F=free, TAMS=top-at-mark-start, PB=parsable bottom
|   0|0x00000000c2c00000, 0x00000000c2d00000, 0x00000000c2d00000|100%|HS|  |TAMS 0x00000000c2c00000| PB 0x00000000c2c00000| Complete 
|   1|0x00000000c2d00000, 0x00000000c2e00000, 0x00000000c2e00000|100%|HS|  |TAMS 0x00000000c2d00000| PB 0x00000000c2d00000| Complete 
|   2|0x00000000c2e00000, 0x00000000c2e00000, 0x00000000c2f00000|  0%| F|  |TAMS 0x00000000c2e00000| PB 0x00000000c2e00000| Untracked 
|   3|0x00000000c2f00000, 0x00000000c3000000, 0x00000000c3000000|100%| O|  |TAMS 0x00000000c2f00000| PB 0x00000000c2f00000| Untracked 
|   4|0x00000000c3000000, 0x00000000c3100000, 0x00000000c3100000|100%| O|  |TAMS 0x00000000c3000000| PB 0x00000000c3000000| Untracked 
|   5|0x00000000c3100000, 0x00000000c3200000, 0x00000000c3200000|100%| O|  |TAMS 0x00000000c3100000| PB 0x00000000c3100000| Untracked 
|   6|0x00000000c3200000, 0x00000000c3300000, 0x00000000c3300000|100%| O|  |TAMS 0x00000000c3200000| PB 0x00000000c3200000| Untracked 
|   7|0x00000000c3300000, 0x00000000c3300000, 0x00000000c3400000|  0%| F|  |TAMS 0x00000000c3300000| PB 0x00000000c3300000| Untracked 
|   8|0x00000000c3400000, 0x00000000c3400000, 0x00000000c3500000|  0%| F|  |TAMS 0x00000000c3400000| PB 0x00000000c3400000| Untracked 
|   9|0x00000000c3500000, 0x00000000c3500000, 0x00000000c3600000|  0%| F|  |TAMS 0x00000000c3500000| PB 0x00000000c3500000| Untracked 
|  10|0x00000000c3600000, 0x00000000c3600000, 0x00000000c3700000|  0%| F|  |TAMS 0x00000000c3600000| PB 0x00000000c3600000| Untracked 
|  11|0x00000000c3700000, 0x00000000c3700000, 0x00000000c3800000|  0%| F|  |TAMS 0x00000000c3700000| PB 0x00000000c3700000| Untracked 
|  12|0x00000000c3800000, 0x00000000c3800000, 0x00000000c3900000|  0%| F|  |TAMS 0x00000000c3800000| PB 0x00000000c3800000| Untracked 
|  13|0x00000000c3900000, 0x00000000c3900000, 0x00000000c3a00000|  0%| F|  |TAMS 0x00000000c3900000| PB 0x00000000c3900000| Untracked 
|  14|0x00000000c3a00000, 0x00000000c3a00000, 0x00000000c3b00000|  0%| F|  |TAMS 0x00000000c3a00000| PB 0x00000000c3a00000| Untracked 
|  15|0x00000000c3b00000, 0x00000000c3b00000, 0x00000000c3c00000|  0%| F|  |TAMS 0x00000000c3b00000| PB 0x00000000c3b00000| Untracked 
|  16|0x00000000c3c00000, 0x00000000c3c00000, 0x00000000c3d00000|  0%| F|  |TAMS 0x00000000c3c00000| PB 0x00000000c3c00000| Untracked 
|  17|0x00000000c3d00000, 0x00000000c3d00000, 0x00000000c3e00000|  0%| F|  |TAMS 0x00000000c3d00000| PB 0x00000000c3d00000| Untracked 
|  18|0x00000000c3e00000, 0x00000000c3e00000, 0x00000000c3f00000|  0%| F|  |TAMS 0x00000000c3e00000| PB 0x00000000c3e00000| Untracked 
|  19|0x00000000c3f00000, 0x00000000c3f00000, 0x00000000c4000000|  0%| F|  |TAMS 0x00000000c3f00000| PB 0x00000000c3f00000| Untracked 
|  20|0x00000000c4000000, 0x00000000c4000000, 0x00000000c4100000|  0%| F|  |TAMS 0x00000000c4000000| PB 0x00000000c4000000| Untracked 
|  21|0x00000000c4100000, 0x00000000c4100000, 0x00000000c4200000|  0%| F|  |TAMS 0x00000000c4100000| PB 0x00000000c4100000| Untracked 
|  22|0x00000000c4200000, 0x00000000c4200000, 0x00000000c4300000|  0%| F|  |TAMS 0x00000000c4200000| PB 0x00000000c4200000| Untracked 
|  23|0x00000000c4300000, 0x00000000c4300000, 0x00000000c4400000|  0%| F|  |TAMS 0x00000000c4300000| PB 0x00000000c4300000| Untracked 
|  24|0x00000000c4400000, 0x00000000c4400000, 0x00000000c4500000|  0%| F|  |TAMS 0x00000000c4400000| PB 0x00000000c4400000| Untracked 
|  25|0x00000000c4500000, 0x00000000c4500000, 0x00000000c4600000|  0%| F|  |TAMS 0x00000000c4500000| PB 0x00000000c4500000| Untracked 
|  26|0x00000000c4600000, 0x00000000c4600000, 0x00000000c4700000|  0%| F|  |TAMS 0x00000000c4600000| PB 0x00000000c4600000| Untracked 
|  27|0x00000000c4700000, 0x00000000c4700000, 0x00000000c4800000|  0%| F|  |TAMS 0x00000000c4700000| PB 0x00000000c4700000| Untracked 
|  28|0x00000000c4800000, 0x00000000c4800000, 0x00000000c4900000|  0%| F|  |TAMS 0x00000000c4800000| PB 0x00000000c4800000| Untracked 
|  29|0x00000000c4900000, 0x00000000c4900000, 0x00000000c4a00000|  0%| F|  |TAMS 0x00000000c4900000| PB 0x00000000c4900000| Untracked 
|  30|0x00000000c4a00000, 0x00000000c4a00000, 0x00000000c4b00000|  0%| F|  |TAMS 0x00000000c4a00000| PB 0x00000000c4a00000| Untracked 
|  31|0x00000000c4b00000, 0x00000000c4b00000, 0x00000000c4c00000|  0%| F|  |TAMS 0x00000000c4b00000| PB 0x00000000c4b00000| Untracked 
|  32|0x00000000c4c00000, 0x00000000c4c00000, 0x00000000c4d00000|  0%| F|  |TAMS 0x00000000c4c00000| PB 0x00000000c4c00000| Untracked 
|  33|0x00000000c4d00000, 0x00000000c4d00000, 0x00000000c4e00000|  0%| F|  |TAMS 0x00000000c4d00000| PB 0x00000000c4d00000| Untracked 
|  34|0x00000000c4e00000, 0x00000000c4e00000, 0x00000000c4f00000|  0%| F|  |TAMS 0x00000000c4e00000| PB 0x00000000c4e00000| Untracked 
|  35|0x00000000c4f00000, 0x00000000c4f00000, 0x00000000c5000000|  0%| F|  |TAMS 0x00000000c4f00000| PB 0x00000000c4f00000| Untracked 
|  36|0x00000000c5000000, 0x00000000c5000000, 0x00000000c5100000|  0%| F|  |TAMS 0x00000000c5000000| PB 0x00000000c5000000| Untracked 
|  37|0x00000000c5100000, 0x00000000c5100000, 0x00000000c5200000|  0%| F|  |TAMS 0x00000000c5100000| PB 0x00000000c5100000| Untracked 
|  38|0x00000000c5200000, 0x00000000c5200000, 0x00000000c5300000|  0%| F|  |TAMS 0x00000000c5200000| PB 0x00000000c5200000| Untracked 
|  39|0x00000000c5300000, 0x00000000c5300000, 0x00000000c5400000|  0%| F|  |TAMS 0x00000000c5300000| PB 0x00000000c5300000| Untracked 
|  40|0x00000000c5400000, 0x00000000c5400000, 0x00000000c5500000|  0%| F|  |TAMS 0x00000000c5400000| PB 0x00000000c5400000| Untracked 
|  41|0x00000000c5500000, 0x00000000c5500000, 0x00000000c5600000|  0%| F|  |TAMS 0x00000000c5500000| PB 0x00000000c5500000| Untracked 
|  42|0x00000000c5600000, 0x00000000c5600000, 0x00000000c5700000|  0%| F|  |TAMS 0x00000000c5600000| PB 0x00000000c5600000| Untracked 
|  43|0x00000000c5700000, 0x00000000c5700000, 0x00000000c5800000|  0%| F|  |TAMS 0x00000000c5700000| PB 0x00000000c5700000| Untracked 
|  44|0x00000000c5800000, 0x00000000c5800000, 0x00000000c5900000|  0%| F|  |TAMS 0x00000000c5800000| PB 0x00000000c5800000| Untracked 
|  45|0x00000000c5900000, 0x00000000c5900000, 0x00000000c5a00000|  0%| F|  |TAMS 0x00000000c5900000| PB 0x00000000c5900000| Untracked 
|  46|0x00000000c5a00000, 0x00000000c5a00000, 0x00000000c5b00000|  0%| F|  |TAMS 0x00000000c5a00000| PB 0x00000000c5a00000| Untracked 
|  47|0x00000000c5b00000, 0x00000000c5c00000, 0x00000000c5c00000|100%| S|CS|TAMS 0x00000000c5b00000| PB 0x00000000c5b00000| Complete 
|  48|0x00000000c5c00000, 0x00000000c5d00000, 0x00000000c5d00000|100%| S|CS|TAMS 0x00000000c5c00000| PB 0x00000000c5c00000| Complete 
|  49|0x00000000c5d00000, 0x00000000c5d00000, 0x00000000c5e00000|  0%| F|  |TAMS 0x00000000c5d00000| PB 0x00000000c5d00000| Untracked 
|  50|0x00000000c5e00000, 0x00000000c5e00000, 0x00000000c5f00000|  0%| F|  |TAMS 0x00000000c5e00000| PB 0x00000000c5e00000| Untracked 
|  51|0x00000000c5f00000, 0x00000000c5f00000, 0x00000000c6000000|  0%| F|  |TAMS 0x00000000c5f00000| PB 0x00000000c5f00000| Untracked 
|  52|0x00000000c6000000, 0x00000000c6000000, 0x00000000c6100000|  0%| F|  |TAMS 0x00000000c6000000| PB 0x00000000c6000000| Untracked 
|  53|0x00000000c6100000, 0x00000000c6100000, 0x00000000c6200000|  0%| F|  |TAMS 0x00000000c6100000| PB 0x00000000c6100000| Untracked 
|  54|0x00000000c6200000, 0x00000000c6200000, 0x00000000c6300000|  0%| F|  |TAMS 0x00000000c6200000| PB 0x00000000c6200000| Untracked 
|  55|0x00000000c6300000, 0x00000000c6300000, 0x00000000c6400000|  0%| F|  |TAMS 0x00000000c6300000| PB 0x00000000c6300000| Untracked 
|  56|0x00000000c6400000, 0x00000000c6400000, 0x00000000c6500000|  0%| F|  |TAMS 0x00000000c6400000| PB 0x00000000c6400000| Untracked 
|  57|0x00000000c6500000, 0x00000000c6500000, 0x00000000c6600000|  0%| F|  |TAMS 0x00000000c6500000| PB 0x00000000c6500000| Untracked 
|  58|0x00000000c6600000, 0x00000000c6600000, 0x00000000c6700000|  0%| F|  |TAMS 0x00000000c6600000| PB 0x00000000c6600000| Untracked 
|  59|0x00000000c6700000, 0x00000000c6700000, 0x00000000c6800000|  0%| F|  |TAMS 0x00000000c6700000| PB 0x00000000c6700000| Untracked 
|  60|0x00000000c6800000, 0x00000000c68ad288, 0x00000000c6900000| 67%| E|  |TAMS 0x00000000c6800000| PB 0x00000000c6800000| Complete 
|  61|0x00000000c6900000, 0x00000000c6a00000, 0x00000000c6a00000|100%| E|CS|TAMS 0x00000000c6900000| PB 0x00000000c6900000| Complete 

Card table byte_map: [0x0000023ae08e0000,0x0000023ae0ad0000] _byte_map_base: 0x0000023ae02ca000

Marking Bits: (CMBitMap*) 0x0000023ac7c94340
 Bits: [0x0000023ae0ad0000, 0x0000023ae1a20000)

Polling page: 0x0000023ac7420000

Metaspace:

Usage:
  Non-class:      2.54 MB used.
      Class:    258.20 KB used.
       Both:      2.80 MB used.

Virtual space:
  Non-class space:       64.00 MB reserved,       2.62 MB (  4%) committed,  1 nodes.
      Class space:        1.00 GB reserved,     384.00 KB ( <1%) committed,  1 nodes.
             Both:        1.06 GB reserved,       3.00 MB ( <1%) committed. 

Chunk freelists:
   Non-Class:  11.23 MB
       Class:  15.61 MB
        Both:  26.84 MB

MaxMetaspaceSize: unlimited
CompressedClassSpaceSize: 1.00 GB
Initial GC threshold: 21.00 MB
Current GC threshold: 21.00 MB
CDS: on
 - commit_granule_bytes: 65536.
 - commit_granule_words: 8192.
 - virtual_space_node_default_size: 8388608.
 - enlarge_chunks_in_place: 1.
 - use_allocation_guard: 0.


Internal statistics:

num_allocs_failed_limit: 0.
num_arena_births: 90.
num_arena_deaths: 0.
num_vsnodes_births: 2.
num_vsnodes_deaths: 0.
num_space_committed: 48.
num_space_uncommitted: 0.
num_chunks_returned_to_freelist: 0.
num_chunks_taken_from_freelist: 162.
num_chunk_merges: 0.
num_chunk_splits: 90.
num_chunks_enlarged: 33.
num_inconsistent_stats: 0.

CodeHeap 'non-profiled nmethods': size=120000Kb used=304Kb max_used=304Kb free=119696Kb
 bounds [0x0000023ad91c0000, 0x0000023ad9430000, 0x0000023ae06f0000]
CodeHeap 'profiled nmethods': size=120000Kb used=1316Kb max_used=1316Kb free=118683Kb
 bounds [0x0000023ad16f0000, 0x0000023ad1960000, 0x0000023ad8c20000]
CodeHeap 'non-nmethods': size=5760Kb used=1353Kb max_used=1361Kb free=4406Kb
 bounds [0x0000023ad8c20000, 0x0000023ad8e90000, 0x0000023ad91c0000]
 total_blobs=1278 nmethods=822 adapters=362
 compilation: enabled
              stopped_count=0, restarted_count=0
 full_count=0

Compilation events (20 events):
Event: 1.619 Thread 0x0000023ae3e94f90 nmethod 806 0x0000023ad1830a10 code [0x0000023ad1830bc0, 0x0000023ad1830d00]
Event: 1.619 Thread 0x0000023ae3e94f90  807       3       sun.util.locale.LocaleUtils::isUpper (18 bytes)
Event: 1.619 Thread 0x0000023ae3e94f90 nmethod 807 0x0000023ad1830d90 code [0x0000023ad1830f20, 0x0000023ad1831098]
Event: 1.620 Thread 0x0000023ae3e94f90  809       3       java.util.Arrays$ArrayItr::hasNext (18 bytes)
Event: 1.620 Thread 0x0000023ae3e94f90 nmethod 809 0x0000023ad1831110 code [0x0000023ad18312c0, 0x0000023ad1831430]
Event: 1.620 Thread 0x0000023ae3e94f90  810       3       java.util.Arrays$ArrayItr::next (36 bytes)
Event: 1.620 Thread 0x0000023ae3e94f90 nmethod 810 0x0000023ad1831510 code [0x0000023ad18316c0, 0x0000023ad18318b8]
Event: 1.620 Thread 0x0000023ae3e94f90  811       3       java.lang.reflect.Modifier::isPublic (12 bytes)
Event: 1.620 Thread 0x0000023ae3e94f90 nmethod 811 0x0000023ad1831a10 code [0x0000023ad1831ba0, 0x0000023ad1831ce8]
Event: 1.621 Thread 0x0000023ae3e94f90  812       3       java.util.concurrent.ConcurrentHashMap$KeyIterator::next (34 bytes)
Event: 1.621 Thread 0x0000023ae3e94f90 nmethod 812 0x0000023ad1831d90 code [0x0000023ad1831f60, 0x0000023ad18321c8]
Event: 1.621 Thread 0x0000023ae3e94f90  815       3       jdk.internal.jimage.ImageStringsReader::stringFromByteBufferMatches (138 bytes)
Event: 1.623 Thread 0x0000023ae3e94f90 nmethod 815 0x0000023ad1832310 code [0x0000023ad1832600, 0x0000023ad1833720]
Event: 1.623 Thread 0x0000023ae3e94f90  817       3       jdk.internal.jimage.ImageLocation::verify (218 bytes)
Event: 1.624 Thread 0x0000023ae3e94f90 nmethod 817 0x0000023ad1833e10 code [0x0000023ad18340c0, 0x0000023ad1834d80]
Event: 1.624 Thread 0x0000023ae3e94f90  813       3       jdk.internal.jimage.ImageStringsReader::match (11 bytes)
Event: 1.625 Thread 0x0000023ae3e94f90 nmethod 813 0x0000023ad1835290 code [0x0000023ad1835440, 0x0000023ad1835610]
Event: 1.625 Thread 0x0000023ae3e94f90  814       3       jdk.internal.jimage.BasicImageReader::match (37 bytes)
Event: 1.625 Thread 0x0000023ae3e94f90 nmethod 814 0x0000023ad1835710 code [0x0000023ad18358e0, 0x0000023ad1835b90]
Event: 1.625 Thread 0x0000023ae3e94f90  816       3       jdk.internal.jimage.ImageLocation::verifyName (161 bytes)

GC Heap History (2 events):
Event: 1.138 GC heap before
{Heap before GC invocations=0 (full 0):
 garbage-first heap   total 63488K, used 15360K [0x00000000c2c00000, 0x0000000100000000)
  region size 1024K, 13 young (13312K), 0 survivors (0K)
 Metaspace       used 2450K, committed 2624K, reserved 1114112K
  class space    used 208K, committed 256K, reserved 1048576K
}
Event: 1.149 GC heap after
{Heap after GC invocations=1 (full 0):
 garbage-first heap   total 63488K, used 8192K [0x00000000c2c00000, 0x0000000100000000)
  region size 1024K, 2 young (2048K), 2 survivors (2048K)
 Metaspace       used 2450K, committed 2624K, reserved 1114112K
  class space    used 208K, committed 256K, reserved 1048576K
}

Dll operation events (11 events):
Event: 0.022 Loaded shared library C:\Program Files\BellSoft\LibericaJDK-21-Full\bin\java.dll
Event: 0.103 Loaded shared library C:\Program Files\BellSoft\LibericaJDK-21-Full\bin\jsvml.dll
Event: 0.408 Loaded shared library C:\Program Files\BellSoft\LibericaJDK-21-Full\bin\zip.dll
Event: 0.418 Loaded shared library C:\Program Files\BellSoft\LibericaJDK-21-Full\bin\instrument.dll
Event: 0.428 Loaded shared library C:\Program Files\BellSoft\LibericaJDK-21-Full\bin\net.dll
Event: 0.432 Loaded shared library C:\Program Files\BellSoft\LibericaJDK-21-Full\bin\nio.dll
Event: 0.440 Loaded shared library C:\Program Files\BellSoft\LibericaJDK-21-Full\bin\zip.dll
Event: 0.848 Loaded shared library C:\Program Files\JetBrains\IntelliJ IDEA Community Edition 2024.1.1\bin\breakgen64.dll
Event: 0.886 Loaded shared library C:\Program Files\BellSoft\LibericaJDK-21-Full\bin\extnet.dll
Event: 0.910 Loaded shared library C:\Program Files\BellSoft\LibericaJDK-21-Full\bin\verify.dll
Event: 0.924 Loaded shared library C:\Program Files\BellSoft\LibericaJDK-21-Full\bin\jimage.dll

Deoptimization events (20 events):
Event: 0.734 Thread 0x0000023ac7c5a520 DEOPT PACKING pc=0x0000023ad1754ba7 sp=0x000000c819ffeaa0
Event: 0.734 Thread 0x0000023ac7c5a520 DEOPT UNPACKING pc=0x0000023ad8c74e23 sp=0x000000c819ffdf38 mode 0
Event: 0.850 Thread 0x0000023ac7c5a520 Uncommon trap: trap_request=0xffffff45 fr.pc=0x0000023ad91c16e0 relative=0x00000000000000c0
Event: 0.850 Thread 0x0000023ac7c5a520 Uncommon trap: reason=unstable_if action=reinterpret pc=0x0000023ad91c16e0 method=java.lang.String.isLatin1()Z @ 10 c2
Event: 0.850 Thread 0x0000023ac7c5a520 DEOPT PACKING pc=0x0000023ad91c16e0 sp=0x000000c819fff070
Event: 0.850 Thread 0x0000023ac7c5a520 DEOPT UNPACKING pc=0x0000023ad8c7469c sp=0x000000c819ffefb0 mode 2
Event: 0.905 Thread 0x0000023ac7c5a520 DEOPT PACKING pc=0x0000023ad174013c sp=0x000000c819ffd540
Event: 0.905 Thread 0x0000023ac7c5a520 DEOPT UNPACKING pc=0x0000023ad8c74e23 sp=0x000000c819ffc9d0 mode 0
Event: 0.935 Thread 0x0000023ac7c5a520 Uncommon trap: trap_request=0xffffff45 fr.pc=0x0000023ad91d8890 relative=0x0000000000000070
Event: 0.935 Thread 0x0000023ac7c5a520 Uncommon trap: reason=unstable_if action=reinterpret pc=0x0000023ad91d8890 method=java.io.WinNTFileSystem.isSlash(C)Z @ 9 c2
Event: 0.935 Thread 0x0000023ac7c5a520 DEOPT PACKING pc=0x0000023ad91d8890 sp=0x000000c819ffe1a0
Event: 0.935 Thread 0x0000023ac7c5a520 DEOPT UNPACKING pc=0x0000023ad8c7469c sp=0x000000c819ffe128 mode 2
Event: 1.064 Thread 0x0000023ac7c5a520 Uncommon trap: trap_request=0xffffff6e fr.pc=0x0000023ad91efb18 relative=0x0000000000000178
Event: 1.064 Thread 0x0000023ac7c5a520 Uncommon trap: reason=loop_limit_check action=maybe_recompile pc=0x0000023ad91efb18 method=java.lang.StringLatin1.lastIndexOf([BII)I @ 19 c2
Event: 1.064 Thread 0x0000023ac7c5a520 DEOPT PACKING pc=0x0000023ad91efb18 sp=0x000000c819ffcc30
Event: 1.064 Thread 0x0000023ac7c5a520 DEOPT UNPACKING pc=0x0000023ad8c7469c sp=0x000000c819ffcbb0 mode 2
Event: 1.065 Thread 0x0000023ac7c5a520 Uncommon trap: trap_request=0xffffff45 fr.pc=0x0000023ad91d02a0 relative=0x0000000000000860
Event: 1.065 Thread 0x0000023ac7c5a520 Uncommon trap: reason=unstable_if action=reinterpret pc=0x0000023ad91d02a0 method=java.util.HashMap.putVal(ILjava/lang/Object;Ljava/lang/Object;ZZ)Ljava/lang/Object; @ 69 c2
Event: 1.065 Thread 0x0000023ac7c5a520 DEOPT PACKING pc=0x0000023ad91d02a0 sp=0x000000c819ffc7b0
Event: 1.065 Thread 0x0000023ac7c5a520 DEOPT UNPACKING pc=0x0000023ad8c7469c sp=0x000000c819ffc760 mode 2

Classes loaded (20 events):
Event: 1.615 Loading class sun/util/locale/provider/TimeZoneNameUtility done
Event: 1.616 Loading class java/time/zone/ZoneRulesProvider$1 done
Event: 1.616 Loading class java/time/zone/TzdbZoneRulesProvider
Event: 1.616 Loading class sun/util/locale/provider/TimeZoneNameUtility$TimeZoneNameGetter
Event: 1.616 Loading class java/time/zone/TzdbZoneRulesProvider done
Event: 1.616 Loading class sun/util/locale/provider/TimeZoneNameUtility$TimeZoneNameGetter done
Event: 1.619 Loading class java/util/Arrays$ArrayItr
Event: 1.619 Loading class java/util/Arrays$ArrayItr done
Event: 1.620 Loading class jdk/internal/module/ModulePatcher$PatchedModuleReader
Event: 1.620 Loading class jdk/internal/module/ModulePatcher$PatchedModuleReader done
Event: 1.622 Loading class java/time/zone/Ser
Event: 1.622 Loading class java/io/Externalizable
Event: 1.622 Loading class sun/util/cldr/CLDRTimeZoneNameProviderImpl
Event: 1.623 Loading class java/io/Externalizable done
Event: 1.623 Loading class java/time/zone/Ser done
Event: 1.623 Loading class sun/util/locale/provider/TimeZoneNameProviderImpl
Event: 1.623 Loading class sun/util/locale/provider/TimeZoneNameProviderImpl done
Event: 1.623 Loading class sun/util/cldr/CLDRTimeZoneNameProviderImpl done
Event: 1.624 Loading class java/time/zone/ZoneOffsetTransition
Event: 1.624 Loading class java/time/zone/ZoneOffsetTransition done

Classes unloaded (0 events):
No events

Classes redefined (0 events):
No events

Internal exceptions (7 events):
Event: 0.828 Thread 0x0000023ac7c5a520 Exception <a 'java/lang/NoSuchMethodError'{0x00000000c60e5d28}: 'void java.lang.invoke.DirectMethodHandle$Holder.invokeStatic(java.lang.Object, java.lang.Object, java.lang.Object)'> (0x00000000c60e5d28) 
thrown [s\src\hotspot\share\interpreter\linkResolver.cpp, line 773]
Event: 0.835 Thread 0x0000023ac7c5a520 Exception <a 'java/lang/NoSuchMethodError'{0x00000000c60fd230}: 'java.lang.Object java.lang.invoke.Invokers$Holder.invokeExact_MT(java.lang.Object, java.lang.Object, java.lang.Object, java.lang.Object, java.lang.Object)'> (0x00000000c60fd230) 
thrown [s\src\hotspot\share\interpreter\linkResolver.cpp, line 773]
Event: 0.889 Thread 0x0000023ae85198a0 Exception <a 'java/lang/NoSuchMethodError'{0x00000000c5f4ba30}: 'void java.lang.invoke.DirectMethodHandle$Holder.invokeStatic(java.lang.Object, java.lang.Object)'> (0x00000000c5f4ba30) 
thrown [s\src\hotspot\share\interpreter\linkResolver.cpp, line 773]
Event: 1.070 Thread 0x0000023ac7c5a520 Exception <a 'java/lang/ClassNotFoundException'{0x00000000c5d89c90}: javax/smartcardio/CardPermission> (0x00000000c5d89c90) 
thrown [s\src\hotspot\share\classfile\systemDictionary.cpp, line 312]
Event: 1.082 Thread 0x0000023ac7c5a520 Exception <a 'java/io/FileNotFoundException'{0x00000000c5d99628}> (0x00000000c5d99628) 
thrown [s\src\hotspot\share\prims\jni.cpp, line 520]
Event: 1.174 Thread 0x0000023ac7c5a520 Exception <a 'java/lang/NoSuchMethodError'{0x00000000c6941540}: 'java.lang.Object java.lang.invoke.DirectMethodHandle$Holder.invokeSpecial(java.lang.Object, java.lang.Object, java.lang.Object, long, java.lang.Object)'> (0x00000000c6941540) 
thrown [s\src\hotspot\share\interpreter\linkResolver.cpp, line 773]
Event: 1.175 Thread 0x0000023ac7c5a520 Exception <a 'java/lang/NoSuchMethodError'{0x00000000c6944e90}: 'java.lang.Object java.lang.invoke.Invokers$Holder.linkToTargetMethod(java.lang.Object, long, java.lang.Object, java.lang.Object)'> (0x00000000c6944e90) 
thrown [s\src\hotspot\share\interpreter\linkResolver.cpp, line 773]

ZGC Phase Switch (0 events):
No events

VM Operations (14 events):
Event: 0.380 Executing VM operation: HandshakeAllThreads (Deoptimize)
Event: 0.380 Executing VM operation: HandshakeAllThreads (Deoptimize) done
Event: 0.856 Executing VM operation: HandshakeAllThreads (Deoptimize)
Event: 0.873 Executing VM operation: HandshakeAllThreads (Deoptimize) done
Event: 0.874 Executing VM operation: HandshakeAllThreads (Deoptimize)
Event: 0.874 Executing VM operation: HandshakeAllThreads (Deoptimize) done
Event: 0.915 Executing VM operation: HandshakeAllThreads (Deoptimize)
Event: 0.915 Executing VM operation: HandshakeAllThreads (Deoptimize) done
Event: 0.935 Executing VM operation: HandshakeAllThreads (Deoptimize)
Event: 0.935 Executing VM operation: HandshakeAllThreads (Deoptimize) done
Event: 0.972 Executing VM operation: HandshakeAllThreads (Deoptimize)
Event: 0.973 Executing VM operation: HandshakeAllThreads (Deoptimize) done
Event: 1.137 Executing VM operation: G1CollectForAllocation (G1 Evacuation Pause)
Event: 1.149 Executing VM operation: G1CollectForAllocation (G1 Evacuation Pause) done

Events (12 events):
Event: 0.061 Thread 0x0000023ac7c5a520 Thread added: 0x0000023ac7c5a520
Event: 0.098 Thread 0x0000023ae3e830f0 Thread added: 0x0000023ae3e830f0
Event: 0.098 Thread 0x0000023ae3e841c0 Thread added: 0x0000023ae3e841c0
Event: 0.099 Thread 0x0000023ae3e89270 Thread added: 0x0000023ae3e89270
Event: 0.100 Thread 0x0000023ae3e8aff0 Thread added: 0x0000023ae3e8aff0
Event: 0.100 Thread 0x0000023ae3e8c1f0 Thread added: 0x0000023ae3e8c1f0
Event: 0.100 Thread 0x0000023ae3e8ce00 Thread added: 0x0000023ae3e8ce00
Event: 0.100 Thread 0x0000023ae3e93840 Thread added: 0x0000023ae3e93840
Event: 0.100 Thread 0x0000023ae3e94f90 Thread added: 0x0000023ae3e94f90
Event: 0.369 Thread 0x0000023ae3e6bc50 Thread added: 0x0000023ae3e6bc50
Event: 0.849 Thread 0x0000023ae85198a0 Thread added: 0x0000023ae85198a0
Event: 0.850 Thread 0x0000023ae8548bc0 Thread added: 0x0000023ae8548bc0


Dynamic libraries:
0x00007ff6bf8f0000 - 0x00007ff6bf8fe000 	C:\Program Files\BellSoft\LibericaJDK-21-Full\bin\java.exe
0x00007ffcf7ed0000 - 0x00007ffcf80c8000 	C:\WINDOWS\SYSTEM32\ntdll.dll
0x00007ffcf7560000 - 0x00007ffcf7621000 	C:\WINDOWS\System32\KERNEL32.DLL
0x00007ffcf58c0000 - 0x00007ffcf5bbd000 	C:\WINDOWS\System32\KERNELBASE.dll
0x00007ffcf57c0000 - 0x00007ffcf58c0000 	C:\WINDOWS\System32\ucrtbase.dll
0x00007ffcddbe0000 - 0x00007ffcddbfb000 	C:\Program Files\BellSoft\LibericaJDK-21-Full\bin\VCRUNTIME140.dll
0x00007ffcddbc0000 - 0x00007ffcddbd8000 	C:\Program Files\BellSoft\LibericaJDK-21-Full\bin\jli.dll
0x00007ffcf6b10000 - 0x00007ffcf6cad000 	C:\WINDOWS\System32\USER32.dll
0x00007ffcf5c50000 - 0x00007ffcf5c72000 	C:\WINDOWS\System32\win32u.dll
0x00007ffcf74f0000 - 0x00007ffcf751b000 	C:\WINDOWS\System32\GDI32.dll
0x00007ffce4420000 - 0x00007ffce46ba000 	C:\WINDOWS\WinSxS\amd64_microsoft.windows.common-controls_6595b64144ccf1df_6.0.19041.4355_none_60b8b9eb71f62e16\COMCTL32.dll
0x00007ffcf5c80000 - 0x00007ffcf5d97000 	C:\WINDOWS\System32\gdi32full.dll
0x00007ffcf5620000 - 0x00007ffcf56bd000 	C:\WINDOWS\System32\msvcp_win.dll
0x00007ffcf6570000 - 0x00007ffcf660e000 	C:\WINDOWS\System32\msvcrt.dll
0x00007ffcf7530000 - 0x00007ffcf755f000 	C:\WINDOWS\System32\IMM32.DLL
0x00007ffcd9000000 - 0x00007ffcd900c000 	C:\Program Files\BellSoft\LibericaJDK-21-Full\bin\vcruntime140_1.dll
0x00007ffccb410000 - 0x00007ffccb49e000 	C:\Program Files\BellSoft\LibericaJDK-21-Full\bin\msvcp140.dll
0x00007ffc91270000 - 0x00007ffc9200d000 	C:\Program Files\BellSoft\LibericaJDK-21-Full\bin\server\jvm.dll
0x00007ffcf7040000 - 0x00007ffcf70f0000 	C:\WINDOWS\System32\ADVAPI32.dll
0x00007ffcf6de0000 - 0x00007ffcf6e80000 	C:\WINDOWS\System32\sechost.dll
0x00007ffcf6f00000 - 0x00007ffcf7023000 	C:\WINDOWS\System32\RPCRT4.dll
0x00007ffcf55f0000 - 0x00007ffcf5617000 	C:\WINDOWS\System32\bcrypt.dll
0x00007ffcf6610000 - 0x00007ffcf667b000 	C:\WINDOWS\System32\WS2_32.dll
0x00007ffcf53d0000 - 0x00007ffcf541b000 	C:\WINDOWS\SYSTEM32\POWRPROF.dll
0x00007ffcec7b0000 - 0x00007ffcec7ba000 	C:\WINDOWS\SYSTEM32\VERSION.dll
0x00007ffce2e60000 - 0x00007ffce2e87000 	C:\WINDOWS\SYSTEM32\WINMM.dll
0x00007ffcf53b0000 - 0x00007ffcf53c2000 	C:\WINDOWS\SYSTEM32\UMPDC.dll
0x00007ffcf3d90000 - 0x00007ffcf3da2000 	C:\WINDOWS\SYSTEM32\kernel.appcore.dll
0x00007ffcd56d0000 - 0x00007ffcd56da000 	C:\Program Files\BellSoft\LibericaJDK-21-Full\bin\jimage.dll
0x00007ffcf3ab0000 - 0x00007ffcf3c94000 	C:\WINDOWS\SYSTEM32\DBGHELP.DLL
0x00007ffce4ba0000 - 0x00007ffce4bd4000 	C:\WINDOWS\SYSTEM32\dbgcore.DLL
0x00007ffcf5bc0000 - 0x00007ffcf5c42000 	C:\WINDOWS\System32\bcryptPrimitives.dll
0x00007ffcddb90000 - 0x00007ffcddb9f000 	C:\Program Files\BellSoft\LibericaJDK-21-Full\bin\instrument.dll
0x00007ffccfd70000 - 0x00007ffccfd8f000 	C:\Program Files\BellSoft\LibericaJDK-21-Full\bin\java.dll
0x00007ffcf7630000 - 0x00007ffcf7d9f000 	C:\WINDOWS\System32\SHELL32.dll
0x00007ffcf3240000 - 0x00007ffcf39df000 	C:\WINDOWS\SYSTEM32\windows.storage.dll
0x00007ffcf67b0000 - 0x00007ffcf6b03000 	C:\WINDOWS\System32\combase.dll
0x00007ffcf4ed0000 - 0x00007ffcf4efe000 	C:\WINDOWS\SYSTEM32\Wldp.dll
0x00007ffcf70f0000 - 0x00007ffcf71bd000 	C:\WINDOWS\System32\OLEAUT32.dll
0x00007ffcf6680000 - 0x00007ffcf672d000 	C:\WINDOWS\System32\SHCORE.dll
0x00007ffcf6420000 - 0x00007ffcf6475000 	C:\WINDOWS\System32\shlwapi.dll
0x00007ffcf54b0000 - 0x00007ffcf54d4000 	C:\WINDOWS\SYSTEM32\profapi.dll
0x00007ffcc0820000 - 0x00007ffcc08f7000 	C:\Program Files\BellSoft\LibericaJDK-21-Full\bin\jsvml.dll
0x00007ffccc920000 - 0x00007ffccc938000 	C:\Program Files\BellSoft\LibericaJDK-21-Full\bin\zip.dll
0x00007ffcd4940000 - 0x00007ffcd4950000 	C:\Program Files\BellSoft\LibericaJDK-21-Full\bin\net.dll
0x00007ffce6920000 - 0x00007ffce6a2d000 	C:\WINDOWS\SYSTEM32\WINHTTP.dll
0x00007ffcf4c30000 - 0x00007ffcf4c9a000 	C:\WINDOWS\system32\mswsock.dll
0x00007ffccc940000 - 0x00007ffccc956000 	C:\Program Files\BellSoft\LibericaJDK-21-Full\bin\nio.dll
0x00007ffcd5970000 - 0x00007ffcd598a000 	C:\Program Files\JetBrains\IntelliJ IDEA Community Edition 2024.1.1\bin\breakgen64.dll
0x00007ffcd32b0000 - 0x00007ffcd32b9000 	C:\Program Files\BellSoft\LibericaJDK-21-Full\bin\extnet.dll
0x00007ffce2e50000 - 0x00007ffce2e60000 	C:\Program Files\BellSoft\LibericaJDK-21-Full\bin\verify.dll

dbghelp: loaded successfully - version: 4.0.5 - missing functions: none
symbol engine: initialized successfully - sym options: 0x614 - pdb path: .;C:\Program Files\BellSoft\LibericaJDK-21-Full\bin;C:\WINDOWS\SYSTEM32;C:\WINDOWS\WinSxS\amd64_microsoft.windows.common-controls_6595b64144ccf1df_6.0.19041.4355_none_60b8b9eb71f62e16;C:\Program Files\BellSoft\LibericaJDK-21-Full\bin\server;C:\Program Files\JetBrains\IntelliJ IDEA Community Edition 2024.1.1\bin

VM Arguments:
jvm_args: -javaagent:C:\Program Files\JetBrains\IntelliJ IDEA Community Edition 2024.1.1\lib\idea_rt.jar=55453:C:\Program Files\JetBrains\IntelliJ IDEA Community Edition 2024.1.1\bin -Dfile.encoding=UTF-8 -Dsun.stdout.encoding=UTF-8 -Dsun.stderr.encoding=UTF-8 
java_command: FlyingBat.org.Aeroline.AerolineApplication
java_class_path (initial): C:\Users\ch148\IdeaProjects\Aeroline\target\classes;C:\Users\ch148\.m2\repository\org\springframework\boot\spring-boot-starter-data-jpa\3.3.2\spring-boot-starter-data-jpa-3.3.2.jar;C:\Users\ch148\.m2\repository\org\springframework\boot\spring-boot-starter-aop\3.3.2\spring-boot-starter-aop-3.3.2.jar;C:\Users\ch148\.m2\repository\org\aspectj\aspectjweaver\1.9.22.1\aspectjweaver-1.9.22.1.jar;C:\Users\ch148\.m2\repository\org\springframework\boot\spring-boot-starter-jdbc\3.3.2\spring-boot-starter-jdbc-3.3.2.jar;C:\Users\ch148\.m2\repository\com\zaxxer\HikariCP\5.1.0\HikariCP-5.1.0.jar;C:\Users\ch148\.m2\repository\org\springframework\spring-jdbc\6.1.11\spring-jdbc-6.1.11.jar;C:\Users\ch148\.m2\repository\org\hibernate\orm\hibernate-core\6.5.2.Final\hibernate-core-6.5.2.Final.jar;C:\Users\ch148\.m2\repository\jakarta\persistence\jakarta.persistence-api\3.1.0\jakarta.persistence-api-3.1.0.jar;C:\Users\ch148\.m2\repository\jakarta\transaction\jakarta.transaction-api\2.0.1\jakarta.transaction-api-2.0.1.jar;C:\Users\ch148\.m2\repository\org\jboss\logging\jboss-logging\3.5.3.Final\jboss-logging-3.5.3.Final.jar;C:\Users\ch148\.m2\repository\org\hibernate\common\hibernate-commons-annotations\6.0.6.Final\hibernate-commons-annotations-6.0.6.Final.jar;C:\Users\ch148\.m2\repository\io\smallrye\jandex\3.1.2\jandex-3.1.2.jar;C:\Users\ch148\.m2\repository\com\fasterxml\classmate\1.7.0\classmate-1.7.0.jar;C:\Users\ch148\.m2\repository\net\bytebuddy\byte-buddy\1.14.18\byte-buddy-1.14.18.jar;C:\Users\ch148\.m2\repository\org\glassfish\jaxb\jaxb-runtime\4.0.5\jaxb-runtime-4.0.5.jar;C:\Users\ch148\.m2\repository\org\glassfish\jaxb\jaxb-core\4.0.5\jaxb-core-4.0.5.jar;C:\Users\ch148\.m2\repository\org\eclipse\angus\angus-activation\2.0.2\angus-activation-2.0.2.jar;C:\Users\ch148\.m2\repository\org\glassfish\jaxb\txw2\4.0.5\txw2-4.0.5.jar;C:\Users\ch148\.m2\repository\com\sun\istack\istack-commons-runtime\4.1.2\istack-commons-runtime-4.1.2.jar;C:\Users\ch148\.m2\repository\jakarta\inject\jakarta.inject-api\2.0.1\jakarta.inject-api-2.0.1.jar;C:\Users\ch148\.m2\repository\org\antlr\antlr4-runtime\4.13.0\antlr4-runtime-4.13.0.jar;C:\Users\ch148\.m2\repository\org\springframework\data\spring-data-jpa\3.3.2\spring-data-jpa-3.3.2.jar;C:\Users\ch148\.m2\repository\org\springframework\data\spring-data-commons\3.3.2\spring-data-commons-3.3.2.jar;C:\Users\ch148\.m2\repository\org\springframework\spring-orm\6.1.11\spring-orm-6.1.11.jar;C:\Users\ch148\.m2\repository\org\springframework\spring-context\6.1.11\spring-context-6.1.11.jar;C:\Users\ch148\.m2\repository\org\springframework\spring-tx\6.1.11\spring-tx-6.1.11.jar;C:\Users\ch148\.m2\repository\org\springframework\spring-beans\6.1.11\spring-beans-6.1.11.jar;C:\Users\ch148\.m2\repository\jakarta\annotation\jakarta.annotation-api\2.1.1\jakarta.annotation-api-2.1.1.jar;C:\Users\ch148\.m2\repository\org\springframework\spring-aspects\6.1.11\spring-aspects-6.1.11.jar;C:\Users\ch148\.m2\repository\org\springframework\boot\spring-boot-starter-thymeleaf\3.3.2\spring-boot-starter-thymeleaf-3.3.2.jar;C:\Users\ch148\.m2\repository\org\springframework\boot\spring-boot-starter\3.3.2\spring-boot-starter-3.3.2.jar;C:\Users\ch148\.m2\repository\org\springframework\boot\spring-boot-starter-logging\3.3.2\spring-boot-starter-logging-3.3.2.jar;C:\Users\ch148\.m2\repository\ch\qos\logback\logback-classic\1.5.6\logback-classic-1.5.6.jar;C:\Users\ch148\.m2\repository\ch\qos\logback\logback-core\1.5.6\logback-core-1.5.6.jar;C:\Users\ch148\.m2\repository\org\apache\logging\log4j\log4j-to-slf4j\2.23.1\log4j-to-slf4j-2.23.1.jar;C:\Users\ch148\.m2\repository\org\apache\logging\log4j\log4j-api\2.23.1\log4j-api-2.23.1.jar;C:\Users\ch148\.m2\repository\org\slf4j\jul-to-slf4j\2.0.13\jul-to-slf4j-2.0.13.jar;C:\Users\ch148\.m2\repository\org\yaml\snakeyaml\2.2\snakeyaml-2.2.jar;C:\Users\ch148\.m2\repository\org\thymeleaf\thymeleaf-spring6\3.1.2.RELEASE\thymeleaf-spring6-3.1.2.RELEASE.jar;C:\Users\ch148\.m2\repository\com\github\librepdf\openpdf\1.3.30\openpdf-1.3.30.jar;C:\Users\ch148\.m2\repository\com\google\code\findbugs\jsr305\3.0.2\jsr305-3.0.2.jar;C:\Users\ch148\.m2\repository\com\itextpdf\itextpdf\5.5.13.3\itextpdf-5.5.13.3.jar;C:\Users\ch148\.m2\repository\org\apache\pdfbox\pdfbox\3.0.0\pdfbox-3.0.0.jar;C:\Users\ch148\.m2\repository\org\apache\pdfbox\pdfbox-io\3.0.0\pdfbox-io-3.0.0.jar;C:\Users\ch148\.m2\repository\org\apache\pdfbox\fontbox\3.0.0\fontbox-3.0.0.jar;C:\Users\ch148\.m2\repository\commons-logging\commons-logging\1.2\commons-logging-1.2.jar;C:\Users\ch148\.m2\repository\org\bouncycastle\bcpkix-jdk18on\1.76\bcpkix-jdk18on-1.76.jar;C:\Users\ch148\.m2\repository\org\bouncycastle\bcprov-jdk18on\1.76\bcprov-jdk18on-1.76.jar;C:\Users\ch148\.m2\repository\org\bouncycastle\bcutil-jdk18on\1.76\bcutil-jdk18on-1.76.jar;C:\Users\ch148\.m2\repository\org\springframework\boot\spring-boot-starter-web\3.3.2\spring-boot-starter-web-3.3.2.jar;C:\Users\ch148\.m2\repository\org\springframework\boot\spring-boot-starter-json\3.3.2\spring-boot-starter-json-3.3.2.jar;C:\Users\ch148\.m2\repository\com\fasterxml\jackson\core\jackson-databind\2.17.2\jackson-databind-2.17.2.jar;C:\Users\ch148\.m2\repository\com\fasterxml\jackson\core\jackson-annotations\2.17.2\jackson-annotations-2.17.2.jar;C:\Users\ch148\.m2\repository\com\fasterxml\jackson\core\jackson-core\2.17.2\jackson-core-2.17.2.jar;C:\Users\ch148\.m2\repository\com\fasterxml\jackson\datatype\jackson-datatype-jdk8\2.17.2\jackson-datatype-jdk8-2.17.2.jar;C:\Users\ch148\.m2\repository\com\fasterxml\jackson\datatype\jackson-datatype-jsr310\2.17.2\jackson-datatype-jsr310-2.17.2.jar;C:\Users\ch148\.m2\repository\com\fasterxml\jackson\module\jackson-module-parameter-names\2.17.2\jackson-module-parameter-names-2.17.2.jar;C:\Users\ch148\.m2\repository\org\springframework\boot\spring-boot-starter-tomcat\3.3.2\spring-boot-starter-tomcat-3.3.2.jar;C:\Users\ch148\.m2\repository\org\apache\tomcat\embed\tomcat-embed-core\10.1.26\tomcat-embed-core-10.1.26.jar;C:\Users\ch148\.m2\repository\org\apache\tomcat\embed\tomcat-embed-websocket\10.1.26\tomcat-embed-websocket-10.1.26.jar;C:\Users\ch148\.m2\repository\org\springframework\spring-web\6.1.11\spring-web-6.1.11.jar;C:\Users\ch148\.m2\repository\io\micrometer\micrometer-observation\1.13.2\micrometer-observation-1.13.2.jar;C:\Users\ch148\.m2\repository\io\micrometer\micrometer-commons\1.13.2\micrometer-commons-1.13.2.jar;C:\Users\ch148\.m2\repository\org\springframework\spring-webmvc\6.1.11\spring-webmvc-6.1.11.jar;C:\Users\ch148\.m2\repository\org\springframework\spring-expression\6.1.11\spring-expression-6.1.11.jar;C:\Users\ch148\.m2\repository\org\springframework\boot\spring-boot-devtools\3.3.2\spring-boot-devtools-3.3.2.jar;C:\Users\ch148\.m2\repository\org\springframework\boot\spring-boot\3.3.2\spring-boot-3.3.2.jar;C:\Users\ch148\.m2\repository\org\springframework\boot\spring-boot-autoconfigure\3.3.2\spring-boot-autoconfigure-3.3.2.jar;C:\Users\ch148\.m2\repository\com\mysql\mysql-connector-j\8.3.0\mysql-connector-j-8.3.0.jar;C:\Users\ch148\.m2\repository\jakarta\xml\bind\jakarta.xml.bind-api\4.0.2\jakarta.xml.bind-api-4.0.2.jar;C:\Users\ch148\.m2\repository\jakarta\activation\jakarta.activation-api\2.1.3\jakarta.activation-api-2.1.3.jar;C:\Users\ch148\.m2\repository\org\springframework\spring-core\6.1.11\spring-core-6.1.11.jar;C:\Users\ch148\.m2\repository\org\springframework\spring-jcl\6.1.11\spring-jcl-6.1.11.jar;C:\Users\ch148\.m2\repository\nz\net\ultraq\thymeleaf\thymeleaf-layout-dialect\3.3.0\thymeleaf-layout-dialect-3.3.0.jar;C:\Users\ch148\.m2\repository\org\apache\groovy\groovy\4.0.22\groovy-4.0.22.jar;C:\Users\ch148\.m2\repository\nz\net\ultraq\groovy\groovy-extensions\2.1.0\groovy-extensions-2.1.0.jar;C:\Users\ch148\.m2\repository\nz\net\ultraq\thymeleaf\thymeleaf-expression-processor\3.2.0\thymeleaf-expression-processor-3.2.0.jar;C:\Users\ch148\.m2\repository\org\thymeleaf\thymeleaf\3.1.2.RELEASE\thymeleaf-3.1.2.RELEASE.jar;C:\Users\ch148\.m2\repository\ognl\ognl\3.3.4\ognl-3.3.4.jar;C:\Users\ch148\.m2\repository\org\javassist\javassist\3.29.0-GA\javassist-3.29.0-GA.jar;C:\Users\ch148\.m2\repository\org\attoparser\attoparser\2.0.7.RELEASE\attoparser-2.0.7.RELEASE.jar;C:\Users\ch148\.m2\repository\org\unbescape\unbescape\1.1.6.RELEASE\unbescape-1.1.6.RELEASE.jar;C:\Users\ch148\.m2\repository\org\slf4j\slf4j-api\2.0.13\slf4j-api-2.0.13.jar;C:\Users\ch148\.m2\repository\org\springframework\boot\spring-boot-starter-validation\3.3.1\spring-boot-starter-validation-3.3.1.jar;C:\Users\ch148\.m2\repository\org\apache\tomcat\embed\tomcat-embed-el\10.1.26\tomcat-embed-el-10.1.26.jar;C:\Users\ch148\.m2\repository\org\hibernate\validator\hibernate-validator\8.0.1.Final\hibernate-validator-8.0.1.Final.jar;C:\Users\ch148\.m2\repository\jakarta\validation\jakarta.validation-api\3.0.2\jakarta.validation-api-3.0.2.jar;C:\Users\ch148\.m2\repository\org\springframework\boot\spring-boot-starter-security\3.3.2\spring-boot-starter-security-3.3.2.jar;C:\Users\ch148\.m2\repository\org\springframework\spring-aop\6.1.11\spring-aop-6.1.11.jar;C:\Users\ch148\.m2\repository\org\springframework\security\spring-security-config\6.3.1\spring-security-config-6.3.1.jar;C:\Users\ch148\.m2\repository\org\springframework\security\spring-security-core\6.3.1\spring-security-core-6.3.1.jar;C:\Users\ch148\.m2\repository\org\springframework\security\spring-security-crypto\6.3.1\spring-security-crypto-6.3.1.jar;C:\Users\ch148\.m2\repository\org\springframework\security\spring-security-web\6.3.1\spring-security-web-6.3.1.jar;C:\Users\ch148\.m2\repository\org\thymeleaf\extras\thymeleaf-extras-springsecurity6\3.1.2.RELEASE\thymeleaf-extras-springsecurity6-3.1.2.RELEASE.jar;C:\Users\ch148\.m2\repository\org\projectlombok\lombok\1.18.34\lombok-1.18.34.jar
Launcher Type: SUN_STANDARD

[Global flags]
     intx CICompilerCount                          = 3                                         {product} {ergonomic}
     uint ConcGCThreads                            = 1                                         {product} {ergonomic}
     uint G1ConcRefinementThreads                  = 4                                         {product} {ergonomic}
   size_t G1HeapRegionSize                         = 1048576                                   {product} {ergonomic}
    uintx GCDrainStackTargetSize                   = 64                                        {product} {ergonomic}
   size_t InitialHeapSize                          = 65011712                                  {product} {ergonomic}
   size_t MarkStackSize                            = 4194304                                   {product} {ergonomic}
   size_t MaxHeapSize                              = 1027604480                                {product} {ergonomic}
   size_t MaxNewSize                               = 616562688                                 {product} {ergonomic}
   size_t MinHeapDeltaBytes                        = 1048576                                   {product} {ergonomic}
   size_t MinHeapSize                              = 8388608                                   {product} {ergonomic}
    uintx NonNMethodCodeHeapSize                   = 5832780                                {pd product} {ergonomic}
    uintx NonProfiledCodeHeapSize                  = 122912730                              {pd product} {ergonomic}
    uintx ProfiledCodeHeapSize                     = 122912730                              {pd product} {ergonomic}
    uintx ReservedCodeCacheSize                    = 251658240                              {pd product} {ergonomic}
     bool SegmentedCodeCache                       = true                                      {product} {ergonomic}
   size_t SoftMaxHeapSize                          = 1027604480                             {manageable} {ergonomic}
     bool UseCompressedOops                        = true                           {product lp64_product} {ergonomic}
     bool UseG1GC                                  = true                                      {product} {ergonomic}
     bool UseLargePagesIndividualAllocation        = false                                  {pd product} {ergonomic}

Logging:
Log output configuration:
 #0: stdout all=warning uptime,level,tags foldmultilines=false
 #1: stderr all=off uptime,level,tags foldmultilines=false

Environment Variables:
JAVA_HOME=C:\Program Files\BellSoft\LibericaJDK-21-Full\
PATH=C:\Program Files\BellSoft\LibericaJDK-21-Full\bin\;C:\Program Files\Microsoft MPI\Bin\;C:\WINDOWS\system32;C:\WINDOWS;C:\WINDOWS\System32\Wbem;C:\WINDOWS\System32\WindowsPowerShell\v1.0\;C:\WINDOWS\System32\OpenSSH\;C:\Program Files\Microsoft SQL Server\150\Tools\Binn\;C:\Program Files\Microsoft SQL Server\Client SDK\ODBC\170\Tools\Binn\;C:\Program Files\dotnet\;C:\Program Files (x86)\Microsoft SQL Server\160\Tools\Binn\;C:\Program Files\Microsoft SQL Server\160\Tools\Binn\;C:\Program Files\Microsoft SQL Server\160\DTS\Binn\;C:\Program Files (x86)\Microsoft SQL Server\160\DTS\Binn\;C:\Program Files\Azure Data Studio\bin;C:\Program Files\nodejs\;C:\xampp\php;C:\Program Files\Git\cmd;C:\Users\ch148\.config\herd\bin;C:\Users\ch148\AppData\Local\Programs\Python\Python312\Scripts\;C:\Users\ch148\AppData\Local\Programs\Python\Python312\;C:\Users\ch148\AppData\Local\Programs\Python\Launcher\;C:\Users\ch148\AppData\Local\Microsoft\WindowsApps;C:\Users\ch148\.dotnet\tools;C:\Program Files\Azure Data Studio\bin;C:\Users\ch148\AppData\Roaming\npm;C:\Users\ch148\AppData\Local\Programs\Microsoft VS Code\bin
USERNAME=ch148
OS=Windows_NT
PROCESSOR_IDENTIFIER=Intel64 Family 6 Model 122 Stepping 8, GenuineIntel
TMP=C:\Users\ch148\AppData\Local\Temp
TEMP=C:\Users\ch148\AppData\Local\Temp




Periodic native trim disabled

---------------  S Y S T E M  ---------------

OS:
 Windows 10 , 64 bit Build 19041 (10.0.19041.4717)
OS uptime: 3 days 1:10 hours

CPU: total 4 (initial active 4) (4 cores per cpu, 1 threads per core) family 6 model 122 stepping 8 microcode 0x16, cx8, cmov, fxsr, mmx, 3dnowpref, sse, sse2, sse3, ssse3, sse4.1, sse4.2, popcnt, tsc, tscinvbit, aes, erms, clmul, sha, clflush, clflushopt, rdtscp, rdpid
Processor Information for all 4 processors :
  Max Mhz: 1101, Current Mhz: 1101, Mhz Limit: 1101

Memory: 4k page, system-wide physical 3917M (192M free)
TotalPageFile size 10826M (AvailPageFile size 0M)
current process WorkingSet (physical memory assigned to process): 67M, peak: 67M
current process commit charge ("private bytes"): 143M, peak: 143M

vm_info: OpenJDK 64-Bit Server VM (21.0.3+10-LTS) for windows-amd64 JRE (21.0.3+10-LTS), built on 2024-04-10T11:00:31Z by "hudson" with MS VC++ 17.1 (VS2022)

END.
